Analysis & Synthesis report for lab1
Thu Feb 01 16:41:56 2024
Quartus Prime Version 18.1.0 Build 625 09/12/2018 SJ Lite Edition


---------------------
; Table of Contents ;
---------------------
  1. Legal Notice
  2. Analysis & Synthesis Summary
  3. Analysis & Synthesis Settings
  4. Parallel Compilation
  5. Analysis & Synthesis Source Files Read
  6. Analysis & Synthesis Resource Usage Summary
  7. Analysis & Synthesis Resource Utilization by Entity
  8. State Machine - |lab1|fsm:OBJ2|currState
  9. Registers Removed During Synthesis
 10. General Register Statistics
 11. Inverted Register Statistics
 12. Parameter Settings for Inferred Entity Instance: fsm:OBJ2|lpm_divide:Mod0
 13. Parameter Settings for Inferred Entity Instance: fsm:OBJ2|lpm_divide:Div0
 14. Parameter Settings for Inferred Entity Instance: fsm:OBJ2|lpm_divide:Mod1
 15. Post-Synthesis Netlist Statistics for Top Partition
 16. Elapsed Time Per Partition
 17. Analysis & Synthesis Messages



----------------
; Legal Notice ;
----------------
Copyright (C) 2018  Intel Corporation. All rights reserved.
Your use of Intel Corporation's design tools, logic functions 
and other software and tools, and its AMPP partner logic 
functions, and any output files from any of the foregoing 
(including device programming or simulation files), and any 
associated documentation or information are expressly subject 
to the terms and conditions of the Intel Program License 
Subscription Agreement, the Intel Quartus Prime License Agreement,
the Intel FPGA IP License Agreement, or other applicable license
agreement, including, without limitation, that your use is for
the sole purpose of programming logic devices manufactured by
Intel and sold by Intel or its authorized distributors.  Please
refer to the applicable agreement for further details.



+----------------------------------------------------------------------------------+
; Analysis & Synthesis Summary                                                     ;
+------------------------------------+---------------------------------------------+
; Analysis & Synthesis Status        ; Successful - Thu Feb 01 16:41:55 2024       ;
; Quartus Prime Version              ; 18.1.0 Build 625 09/12/2018 SJ Lite Edition ;
; Revision Name                      ; lab1                                        ;
; Top-level Entity Name              ; lab1                                        ;
; Family                             ; Cyclone IV E                                ;
; Total logic elements               ; 3,854                                       ;
;     Total combinational functions  ; 3,834                                       ;
;     Dedicated logic registers      ; 106                                         ;
; Total registers                    ; 106                                         ;
; Total pins                         ; 57                                          ;
; Total virtual pins                 ; 0                                           ;
; Total memory bits                  ; 0                                           ;
; Embedded Multiplier 9-bit elements ; 0                                           ;
; Total PLLs                         ; 0                                           ;
+------------------------------------+---------------------------------------------+


+------------------------------------------------------------------------------------------------------------+
; Analysis & Synthesis Settings                                                                              ;
+------------------------------------------------------------------+--------------------+--------------------+
; Option                                                           ; Setting            ; Default Value      ;
+------------------------------------------------------------------+--------------------+--------------------+
; Device                                                           ; EP4CE115F29C7      ;                    ;
; Top-level entity name                                            ; lab1               ; lab1               ;
; Family name                                                      ; Cyclone IV E       ; Cyclone V          ;
; Use smart compilation                                            ; Off                ; Off                ;
; Enable parallel Assembler and Timing Analyzer during compilation ; On                 ; On                 ;
; Enable compact report table                                      ; Off                ; Off                ;
; Restructure Multiplexers                                         ; Auto               ; Auto               ;
; Create Debugging Nodes for IP Cores                              ; Off                ; Off                ;
; Preserve fewer node names                                        ; On                 ; On                 ;
; Intel FPGA IP Evaluation Mode                                    ; Enable             ; Enable             ;
; Verilog Version                                                  ; Verilog_2001       ; Verilog_2001       ;
; VHDL Version                                                     ; VHDL_1993          ; VHDL_1993          ;
; State Machine Processing                                         ; Auto               ; Auto               ;
; Safe State Machine                                               ; Off                ; Off                ;
; Extract Verilog State Machines                                   ; On                 ; On                 ;
; Extract VHDL State Machines                                      ; On                 ; On                 ;
; Ignore Verilog initial constructs                                ; Off                ; Off                ;
; Iteration limit for constant Verilog loops                       ; 5000               ; 5000               ;
; Iteration limit for non-constant Verilog loops                   ; 250                ; 250                ;
; Add Pass-Through Logic to Inferred RAMs                          ; On                 ; On                 ;
; Infer RAMs from Raw Logic                                        ; On                 ; On                 ;
; Parallel Synthesis                                               ; On                 ; On                 ;
; DSP Block Balancing                                              ; Auto               ; Auto               ;
; NOT Gate Push-Back                                               ; On                 ; On                 ;
; Power-Up Don't Care                                              ; On                 ; On                 ;
; Remove Redundant Logic Cells                                     ; Off                ; Off                ;
; Remove Duplicate Registers                                       ; On                 ; On                 ;
; Ignore CARRY Buffers                                             ; Off                ; Off                ;
; Ignore CASCADE Buffers                                           ; Off                ; Off                ;
; Ignore GLOBAL Buffers                                            ; Off                ; Off                ;
; Ignore ROW GLOBAL Buffers                                        ; Off                ; Off                ;
; Ignore LCELL Buffers                                             ; Off                ; Off                ;
; Ignore SOFT Buffers                                              ; On                 ; On                 ;
; Limit AHDL Integers to 32 Bits                                   ; Off                ; Off                ;
; Optimization Technique                                           ; Balanced           ; Balanced           ;
; Carry Chain Length                                               ; 70                 ; 70                 ;
; Auto Carry Chains                                                ; On                 ; On                 ;
; Auto Open-Drain Pins                                             ; On                 ; On                 ;
; Perform WYSIWYG Primitive Resynthesis                            ; Off                ; Off                ;
; Auto ROM Replacement                                             ; On                 ; On                 ;
; Auto RAM Replacement                                             ; On                 ; On                 ;
; Auto DSP Block Replacement                                       ; On                 ; On                 ;
; Auto Shift Register Replacement                                  ; Auto               ; Auto               ;
; Allow Shift Register Merging across Hierarchies                  ; Auto               ; Auto               ;
; Auto Clock Enable Replacement                                    ; On                 ; On                 ;
; Strict RAM Replacement                                           ; Off                ; Off                ;
; Allow Synchronous Control Signals                                ; On                 ; On                 ;
; Force Use of Synchronous Clear Signals                           ; Off                ; Off                ;
; Auto RAM Block Balancing                                         ; On                 ; On                 ;
; Auto RAM to Logic Cell Conversion                                ; Off                ; Off                ;
; Auto Resource Sharing                                            ; Off                ; Off                ;
; Allow Any RAM Size For Recognition                               ; Off                ; Off                ;
; Allow Any ROM Size For Recognition                               ; Off                ; Off                ;
; Allow Any Shift Register Size For Recognition                    ; Off                ; Off                ;
; Use LogicLock Constraints during Resource Balancing              ; On                 ; On                 ;
; Ignore translate_off and synthesis_off directives                ; Off                ; Off                ;
; Timing-Driven Synthesis                                          ; On                 ; On                 ;
; Report Parameter Settings                                        ; On                 ; On                 ;
; Report Source Assignments                                        ; On                 ; On                 ;
; Report Connectivity Checks                                       ; On                 ; On                 ;
; Ignore Maximum Fan-Out Assignments                               ; Off                ; Off                ;
; Synchronization Register Chain Length                            ; 2                  ; 2                  ;
; Power Optimization During Synthesis                              ; Normal compilation ; Normal compilation ;
; HDL message level                                                ; Level2             ; Level2             ;
; Suppress Register Optimization Related Messages                  ; Off                ; Off                ;
; Number of Removed Registers Reported in Synthesis Report         ; 5000               ; 5000               ;
; Number of Swept Nodes Reported in Synthesis Report               ; 5000               ; 5000               ;
; Number of Inverted Registers Reported in Synthesis Report        ; 100                ; 100                ;
; Clock MUX Protection                                             ; On                 ; On                 ;
; Auto Gated Clock Conversion                                      ; Off                ; Off                ;
; Block Design Naming                                              ; Auto               ; Auto               ;
; SDC constraint protection                                        ; Off                ; Off                ;
; Synthesis Effort                                                 ; Auto               ; Auto               ;
; Shift Register Replacement - Allow Asynchronous Clear Signal     ; On                 ; On                 ;
; Pre-Mapping Resynthesis Optimization                             ; Off                ; Off                ;
; Analysis & Synthesis Message Level                               ; Medium             ; Medium             ;
; Disable Register Merging Across Hierarchies                      ; Auto               ; Auto               ;
; Resource Aware Inference For Block RAM                           ; On                 ; On                 ;
+------------------------------------------------------------------+--------------------+--------------------+


+------------------------------------------+
; Parallel Compilation                     ;
+----------------------------+-------------+
; Processors                 ; Number      ;
+----------------------------+-------------+
; Number detected on machine ; 16          ;
; Maximum allowed            ; 8           ;
;                            ;             ;
; Average used               ; 1.00        ;
; Maximum used               ; 8           ;
;                            ;             ;
; Usage by Processor         ; % Time Used ;
;     Processor 1            ; 100.0%      ;
;     Processor 2            ;   0.1%      ;
;     Processor 3            ;   0.1%      ;
;     Processor 4            ;   0.1%      ;
;     Processor 5            ;   0.1%      ;
;     Processor 6            ;   0.1%      ;
;     Processor 7            ;   0.0%      ;
;     Processor 8            ;   0.0%      ;
+----------------------------+-------------+


+--------------------------------------------------------------------------------------------------------------------------------------------------------------------------+
; Analysis & Synthesis Source Files Read                                                                                                                                   ;
+----------------------------------+-----------------+------------------------------+----------------------------------------------------------------------------+---------+
; File Name with User-Entered Path ; Used in Netlist ; File Type                    ; File Name with Absolute Path                                               ; Library ;
+----------------------------------+-----------------+------------------------------+----------------------------------------------------------------------------+---------+
; ../lab1Test/lab1.vhd             ; yes             ; User VHDL File               ; U:/ENSC350/lab1Test/lab1.vhd                                               ;         ;
; ../lab1Test/fsm.vhd              ; yes             ; User VHDL File               ; U:/ENSC350/lab1Test/fsm.vhd                                                ;         ;
; ../lab1Test/clock.vhd            ; yes             ; User VHDL File               ; U:/ENSC350/lab1Test/clock.vhd                                              ;         ;
; lpm_divide.tdf                   ; yes             ; Megafunction                 ; c:/intelfpga_lite/18.1/quartus/libraries/megafunctions/lpm_divide.tdf      ;         ;
; abs_divider.inc                  ; yes             ; Megafunction                 ; c:/intelfpga_lite/18.1/quartus/libraries/megafunctions/abs_divider.inc     ;         ;
; sign_div_unsign.inc              ; yes             ; Megafunction                 ; c:/intelfpga_lite/18.1/quartus/libraries/megafunctions/sign_div_unsign.inc ;         ;
; aglobal181.inc                   ; yes             ; Megafunction                 ; c:/intelfpga_lite/18.1/quartus/libraries/megafunctions/aglobal181.inc      ;         ;
; db/lpm_divide_cqo.tdf            ; yes             ; Auto-Generated Megafunction  ; U:/ENSC350/lab1DONE/db/lpm_divide_cqo.tdf                                  ;         ;
; db/abs_divider_4dg.tdf           ; yes             ; Auto-Generated Megafunction  ; U:/ENSC350/lab1DONE/db/abs_divider_4dg.tdf                                 ;         ;
; db/alt_u_div_6af.tdf             ; yes             ; Auto-Generated Megafunction  ; U:/ENSC350/lab1DONE/db/alt_u_div_6af.tdf                                   ;         ;
; db/add_sub_7pc.tdf               ; yes             ; Auto-Generated Megafunction  ; U:/ENSC350/lab1DONE/db/add_sub_7pc.tdf                                     ;         ;
; db/add_sub_8pc.tdf               ; yes             ; Auto-Generated Megafunction  ; U:/ENSC350/lab1DONE/db/add_sub_8pc.tdf                                     ;         ;
; db/lpm_abs_i0a.tdf               ; yes             ; Auto-Generated Megafunction  ; U:/ENSC350/lab1DONE/db/lpm_abs_i0a.tdf                                     ;         ;
; db/lpm_divide_p0p.tdf            ; yes             ; Auto-Generated Megafunction  ; U:/ENSC350/lab1DONE/db/lpm_divide_p0p.tdf                                  ;         ;
; db/abs_divider_kbg.tdf           ; yes             ; Auto-Generated Megafunction  ; U:/ENSC350/lab1DONE/db/abs_divider_kbg.tdf                                 ;         ;
; db/alt_u_div_67f.tdf             ; yes             ; Auto-Generated Megafunction  ; U:/ENSC350/lab1DONE/db/alt_u_div_67f.tdf                                   ;         ;
; db/lpm_abs_2v9.tdf               ; yes             ; Auto-Generated Megafunction  ; U:/ENSC350/lab1DONE/db/lpm_abs_2v9.tdf                                     ;         ;
+----------------------------------+-----------------+------------------------------+----------------------------------------------------------------------------+---------+


+--------------------------------------------------------------------+
; Analysis & Synthesis Resource Usage Summary                        ;
+---------------------------------------------+----------------------+
; Resource                                    ; Usage                ;
+---------------------------------------------+----------------------+
; Estimated Total logic elements              ; 3,854                ;
;                                             ;                      ;
; Total combinational functions               ; 3834                 ;
; Logic element usage by number of LUT inputs ;                      ;
;     -- 4 input functions                    ; 1195                 ;
;     -- 3 input functions                    ; 1258                 ;
;     -- <=2 input functions                  ; 1381                 ;
;                                             ;                      ;
; Logic elements by mode                      ;                      ;
;     -- normal mode                          ; 2556                 ;
;     -- arithmetic mode                      ; 1278                 ;
;                                             ;                      ;
; Total registers                             ; 106                  ;
;     -- Dedicated logic registers            ; 106                  ;
;     -- I/O registers                        ; 0                    ;
;                                             ;                      ;
; I/O pins                                    ; 57                   ;
;                                             ;                      ;
; Embedded Multiplier 9-bit elements          ; 0                    ;
;                                             ;                      ;
; Maximum fan-out node                        ; fsm:OBJ2|counter[31] ;
; Maximum fan-out                             ; 216                  ;
; Total fan-out                               ; 11550                ;
; Average fan-out                             ; 2.85                 ;
+---------------------------------------------+----------------------+


+--------------------------------------------------------------------------------------------------------------------------------------------------------------------------------------------------------------------------------------------------------------------------------------------------------------------+
; Analysis & Synthesis Resource Utilization by Entity                                                                                                                                                                                                                                                                ;
+------------------------------------------+---------------------+---------------------------+-------------+--------------+---------+-----------+------+--------------+-------------------------------------------------------------------------------------------------------------+-----------------+--------------+
; Compilation Hierarchy Node               ; Combinational ALUTs ; Dedicated Logic Registers ; Memory Bits ; DSP Elements ; DSP 9x9 ; DSP 18x18 ; Pins ; Virtual Pins ; Full Hierarchy Name                                                                                         ; Entity Name     ; Library Name ;
+------------------------------------------+---------------------+---------------------------+-------------+--------------+---------+-----------+------+--------------+-------------------------------------------------------------------------------------------------------------+-----------------+--------------+
; |lab1                                    ; 3834 (0)            ; 106 (0)                   ; 0           ; 0            ; 0       ; 0         ; 57   ; 0            ; |lab1                                                                                                       ; lab1            ; work         ;
;    |Clock:OBJ1|                          ; 26 (26)             ; 26 (26)                   ; 0           ; 0            ; 0       ; 0         ; 0    ; 0            ; |lab1|Clock:OBJ1                                                                                            ; Clock           ; work         ;
;    |fsm:OBJ2|                            ; 3808 (167)          ; 80 (80)                   ; 0           ; 0            ; 0       ; 0         ; 0    ; 0            ; |lab1|fsm:OBJ2                                                                                              ; fsm             ; work         ;
;       |lpm_divide:Div0|                  ; 558 (0)             ; 0 (0)                     ; 0           ; 0            ; 0       ; 0         ; 0    ; 0            ; |lab1|fsm:OBJ2|lpm_divide:Div0                                                                              ; lpm_divide      ; work         ;
;          |lpm_divide_p0p:auto_generated| ; 558 (0)             ; 0 (0)                     ; 0           ; 0            ; 0       ; 0         ; 0    ; 0            ; |lab1|fsm:OBJ2|lpm_divide:Div0|lpm_divide_p0p:auto_generated                                                ; lpm_divide_p0p  ; work         ;
;             |abs_divider_kbg:divider|    ; 558 (62)            ; 0 (0)                     ; 0           ; 0            ; 0       ; 0         ; 0    ; 0            ; |lab1|fsm:OBJ2|lpm_divide:Div0|lpm_divide_p0p:auto_generated|abs_divider_kbg:divider                        ; abs_divider_kbg ; work         ;
;                |alt_u_div_67f:divider|   ; 449 (449)           ; 0 (0)                     ; 0           ; 0            ; 0       ; 0         ; 0    ; 0            ; |lab1|fsm:OBJ2|lpm_divide:Div0|lpm_divide_p0p:auto_generated|abs_divider_kbg:divider|alt_u_div_67f:divider  ; alt_u_div_67f   ; work         ;
;                |lpm_abs_i0a:my_abs_num|  ; 47 (47)             ; 0 (0)                     ; 0           ; 0            ; 0       ; 0         ; 0    ; 0            ; |lab1|fsm:OBJ2|lpm_divide:Div0|lpm_divide_p0p:auto_generated|abs_divider_kbg:divider|lpm_abs_i0a:my_abs_num ; lpm_abs_i0a     ; work         ;
;       |lpm_divide:Mod0|                  ; 1523 (0)            ; 0 (0)                     ; 0           ; 0            ; 0       ; 0         ; 0    ; 0            ; |lab1|fsm:OBJ2|lpm_divide:Mod0                                                                              ; lpm_divide      ; work         ;
;          |lpm_divide_cqo:auto_generated| ; 1523 (0)            ; 0 (0)                     ; 0           ; 0            ; 0       ; 0         ; 0    ; 0            ; |lab1|fsm:OBJ2|lpm_divide:Mod0|lpm_divide_cqo:auto_generated                                                ; lpm_divide_cqo  ; work         ;
;             |abs_divider_4dg:divider|    ; 1523 (8)            ; 0 (0)                     ; 0           ; 0            ; 0       ; 0         ; 0    ; 0            ; |lab1|fsm:OBJ2|lpm_divide:Mod0|lpm_divide_cqo:auto_generated|abs_divider_4dg:divider                        ; abs_divider_4dg ; work         ;
;                |alt_u_div_6af:divider|   ; 1510 (1510)         ; 0 (0)                     ; 0           ; 0            ; 0       ; 0         ; 0    ; 0            ; |lab1|fsm:OBJ2|lpm_divide:Mod0|lpm_divide_cqo:auto_generated|abs_divider_4dg:divider|alt_u_div_6af:divider  ; alt_u_div_6af   ; work         ;
;                |lpm_abs_i0a:my_abs_num|  ; 5 (5)               ; 0 (0)                     ; 0           ; 0            ; 0       ; 0         ; 0    ; 0            ; |lab1|fsm:OBJ2|lpm_divide:Mod0|lpm_divide_cqo:auto_generated|abs_divider_4dg:divider|lpm_abs_i0a:my_abs_num ; lpm_abs_i0a     ; work         ;
;       |lpm_divide:Mod1|                  ; 1560 (0)            ; 0 (0)                     ; 0           ; 0            ; 0       ; 0         ; 0    ; 0            ; |lab1|fsm:OBJ2|lpm_divide:Mod1                                                                              ; lpm_divide      ; work         ;
;          |lpm_divide_cqo:auto_generated| ; 1560 (0)            ; 0 (0)                     ; 0           ; 0            ; 0       ; 0         ; 0    ; 0            ; |lab1|fsm:OBJ2|lpm_divide:Mod1|lpm_divide_cqo:auto_generated                                                ; lpm_divide_cqo  ; work         ;
;             |abs_divider_4dg:divider|    ; 1560 (9)            ; 0 (0)                     ; 0           ; 0            ; 0       ; 0         ; 0    ; 0            ; |lab1|fsm:OBJ2|lpm_divide:Mod1|lpm_divide_cqo:auto_generated|abs_divider_4dg:divider                        ; abs_divider_4dg ; work         ;
;                |alt_u_div_6af:divider|   ; 1497 (1497)         ; 0 (0)                     ; 0           ; 0            ; 0       ; 0         ; 0    ; 0            ; |lab1|fsm:OBJ2|lpm_divide:Mod1|lpm_divide_cqo:auto_generated|abs_divider_4dg:divider|alt_u_div_6af:divider  ; alt_u_div_6af   ; work         ;
;                |lpm_abs_i0a:my_abs_num|  ; 54 (54)             ; 0 (0)                     ; 0           ; 0            ; 0       ; 0         ; 0    ; 0            ; |lab1|fsm:OBJ2|lpm_divide:Mod1|lpm_divide_cqo:auto_generated|abs_divider_4dg:divider|lpm_abs_i0a:my_abs_num ; lpm_abs_i0a     ; work         ;
+------------------------------------------+---------------------+---------------------------+-------------+--------------+---------+-----------+------+--------------+-------------------------------------------------------------------------------------------------------------+-----------------+--------------+
Note: For table entries with two numbers listed, the numbers in parentheses indicate the number of resources of the given type used by the specific entity alone. The numbers listed outside of parentheses indicate the total resources of the given type used by the specific entity and all of its sub-entities in the hierarchy.


Encoding Type:  One-Hot
+--------------------------------------------------------------------------------------------------------------------------------------------------------------------------------------------+
; State Machine - |lab1|fsm:OBJ2|currState                                                                                                                                                   ;
+----------------+-------------+-------------+-------------+-------------+-------------+----------------+----------------+----------------+----------------+----------------+----------------+
; Name           ; currState.H ; currState.C ; currState.T ; currState.I ; currState.R ; currState.rst6 ; currState.rst5 ; currState.rst4 ; currState.rst3 ; currState.rst2 ; currState.rst1 ;
+----------------+-------------+-------------+-------------+-------------+-------------+----------------+----------------+----------------+----------------+----------------+----------------+
; currState.rst1 ; 0           ; 0           ; 0           ; 0           ; 0           ; 0              ; 0              ; 0              ; 0              ; 0              ; 0              ;
; currState.rst2 ; 0           ; 0           ; 0           ; 0           ; 0           ; 0              ; 0              ; 0              ; 0              ; 1              ; 1              ;
; currState.rst3 ; 0           ; 0           ; 0           ; 0           ; 0           ; 0              ; 0              ; 0              ; 1              ; 0              ; 1              ;
; currState.rst4 ; 0           ; 0           ; 0           ; 0           ; 0           ; 0              ; 0              ; 1              ; 0              ; 0              ; 1              ;
; currState.rst5 ; 0           ; 0           ; 0           ; 0           ; 0           ; 0              ; 1              ; 0              ; 0              ; 0              ; 1              ;
; currState.rst6 ; 0           ; 0           ; 0           ; 0           ; 0           ; 1              ; 0              ; 0              ; 0              ; 0              ; 1              ;
; currState.R    ; 0           ; 0           ; 0           ; 0           ; 1           ; 0              ; 0              ; 0              ; 0              ; 0              ; 1              ;
; currState.I    ; 0           ; 0           ; 0           ; 1           ; 0           ; 0              ; 0              ; 0              ; 0              ; 0              ; 1              ;
; currState.T    ; 0           ; 0           ; 1           ; 0           ; 0           ; 0              ; 0              ; 0              ; 0              ; 0              ; 1              ;
; currState.C    ; 0           ; 1           ; 0           ; 0           ; 0           ; 0              ; 0              ; 0              ; 0              ; 0              ; 1              ;
; currState.H    ; 1           ; 0           ; 0           ; 0           ; 0           ; 0              ; 0              ; 0              ; 0              ; 0              ; 1              ;
+----------------+-------------+-------------+-------------+-------------+-------------+----------------+----------------+----------------+----------------+----------------+----------------+


+--------------------------------------------------------------------------------+
; Registers Removed During Synthesis                                             ;
+---------------------------------------+----------------------------------------+
; Register name                         ; Reason for Removal                     ;
+---------------------------------------+----------------------------------------+
; fsm:OBJ2|ledG[5..7]                   ; Stuck at GND due to stuck port data_in ;
; Total Number of Removed Registers = 3 ;                                        ;
+---------------------------------------+----------------------------------------+


+------------------------------------------------------+
; General Register Statistics                          ;
+----------------------------------------------+-------+
; Statistic                                    ; Value ;
+----------------------------------------------+-------+
; Total registers                              ; 106   ;
; Number of registers using Synchronous Clear  ; 0     ;
; Number of registers using Synchronous Load   ; 0     ;
; Number of registers using Asynchronous Clear ; 44    ;
; Number of registers using Asynchronous Load  ; 0     ;
; Number of registers using Clock Enable       ; 68    ;
; Number of registers using Preset             ; 0     ;
+----------------------------------------------+-------+


+--------------------------------------------------+
; Inverted Register Statistics                     ;
+----------------------------------------+---------+
; Inverted Register                      ; Fan out ;
+----------------------------------------+---------+
; fsm:OBJ2|pressed                       ; 3       ;
; Total number of inverted registers = 1 ;         ;
+----------------------------------------+---------+


+---------------------------------------------------------------------------+
; Parameter Settings for Inferred Entity Instance: fsm:OBJ2|lpm_divide:Mod0 ;
+------------------------+----------------+---------------------------------+
; Parameter Name         ; Value          ; Type                            ;
+------------------------+----------------+---------------------------------+
; LPM_WIDTHN             ; 32             ; Untyped                         ;
; LPM_WIDTHD             ; 32             ; Untyped                         ;
; LPM_NREPRESENTATION    ; SIGNED         ; Untyped                         ;
; LPM_DREPRESENTATION    ; SIGNED         ; Untyped                         ;
; LPM_PIPELINE           ; 0              ; Untyped                         ;
; LPM_REMAINDERPOSITIVE  ; FALSE          ; Untyped                         ;
; MAXIMIZE_SPEED         ; 5              ; Untyped                         ;
; CBXI_PARAMETER         ; lpm_divide_cqo ; Untyped                         ;
; CARRY_CHAIN            ; MANUAL         ; Untyped                         ;
; OPTIMIZE_FOR_SPEED     ; 5              ; Untyped                         ;
; AUTO_CARRY_CHAINS      ; ON             ; AUTO_CARRY                      ;
; IGNORE_CARRY_BUFFERS   ; OFF            ; IGNORE_CARRY                    ;
; AUTO_CASCADE_CHAINS    ; ON             ; AUTO_CASCADE                    ;
; IGNORE_CASCADE_BUFFERS ; OFF            ; IGNORE_CASCADE                  ;
+------------------------+----------------+---------------------------------+
Note: In order to hide this table in the UI and the text report file, please set the "Show Parameter Settings in Synthesis Report" option in "Analysis and Synthesis Settings -> More Settings" to "Off".


+---------------------------------------------------------------------------+
; Parameter Settings for Inferred Entity Instance: fsm:OBJ2|lpm_divide:Div0 ;
+------------------------+----------------+---------------------------------+
; Parameter Name         ; Value          ; Type                            ;
+------------------------+----------------+---------------------------------+
; LPM_WIDTHN             ; 32             ; Untyped                         ;
; LPM_WIDTHD             ; 5              ; Untyped                         ;
; LPM_NREPRESENTATION    ; SIGNED         ; Untyped                         ;
; LPM_DREPRESENTATION    ; SIGNED         ; Untyped                         ;
; LPM_PIPELINE           ; 0              ; Untyped                         ;
; LPM_REMAINDERPOSITIVE  ; FALSE          ; Untyped                         ;
; MAXIMIZE_SPEED         ; 5              ; Untyped                         ;
; CBXI_PARAMETER         ; lpm_divide_p0p ; Untyped                         ;
; CARRY_CHAIN            ; MANUAL         ; Untyped                         ;
; OPTIMIZE_FOR_SPEED     ; 5              ; Untyped                         ;
; AUTO_CARRY_CHAINS      ; ON             ; AUTO_CARRY                      ;
; IGNORE_CARRY_BUFFERS   ; OFF            ; IGNORE_CARRY                    ;
; AUTO_CASCADE_CHAINS    ; ON             ; AUTO_CASCADE                    ;
; IGNORE_CASCADE_BUFFERS ; OFF            ; IGNORE_CASCADE                  ;
+------------------------+----------------+---------------------------------+
Note: In order to hide this table in the UI and the text report file, please set the "Show Parameter Settings in Synthesis Report" option in "Analysis and Synthesis Settings -> More Settings" to "Off".


+---------------------------------------------------------------------------+
; Parameter Settings for Inferred Entity Instance: fsm:OBJ2|lpm_divide:Mod1 ;
+------------------------+----------------+---------------------------------+
; Parameter Name         ; Value          ; Type                            ;
+------------------------+----------------+---------------------------------+
; LPM_WIDTHN             ; 32             ; Untyped                         ;
; LPM_WIDTHD             ; 32             ; Untyped                         ;
; LPM_NREPRESENTATION    ; SIGNED         ; Untyped                         ;
; LPM_DREPRESENTATION    ; SIGNED         ; Untyped                         ;
; LPM_PIPELINE           ; 0              ; Untyped                         ;
; LPM_REMAINDERPOSITIVE  ; FALSE          ; Untyped                         ;
; MAXIMIZE_SPEED         ; 5              ; Untyped                         ;
; CBXI_PARAMETER         ; lpm_divide_cqo ; Untyped                         ;
; CARRY_CHAIN            ; MANUAL         ; Untyped                         ;
; OPTIMIZE_FOR_SPEED     ; 5              ; Untyped                         ;
; AUTO_CARRY_CHAINS      ; ON             ; AUTO_CARRY                      ;
; IGNORE_CARRY_BUFFERS   ; OFF            ; IGNORE_CARRY                    ;
; AUTO_CASCADE_CHAINS    ; ON             ; AUTO_CASCADE                    ;
; IGNORE_CASCADE_BUFFERS ; OFF            ; IGNORE_CASCADE                  ;
+------------------------+----------------+---------------------------------+
Note: In order to hide this table in the UI and the text report file, please set the "Show Parameter Settings in Synthesis Report" option in "Analysis and Synthesis Settings -> More Settings" to "Off".


+-----------------------------------------------------+
; Post-Synthesis Netlist Statistics for Top Partition ;
+-----------------------+-----------------------------+
; Type                  ; Count                       ;
+-----------------------+-----------------------------+
; boundary_port         ; 57                          ;
; cycloneiii_ff         ; 106                         ;
;     CLR               ; 12                          ;
;     ENA               ; 36                          ;
;     ENA CLR           ; 32                          ;
;     plain             ; 26                          ;
; cycloneiii_lcell_comb ; 3836                        ;
;     arith             ; 1278                        ;
;         1 data inputs ; 2                           ;
;         2 data inputs ; 95                          ;
;         3 data inputs ; 1181                        ;
;     normal            ; 2558                        ;
;         0 data inputs ; 91                          ;
;         1 data inputs ; 3                           ;
;         2 data inputs ; 1192                        ;
;         3 data inputs ; 77                          ;
;         4 data inputs ; 1195                        ;
;                       ;                             ;
; Max LUT depth         ; 208.40                      ;
; Average LUT depth     ; 160.66                      ;
+-----------------------+-----------------------------+


+-------------------------------+
; Elapsed Time Per Partition    ;
+----------------+--------------+
; Partition Name ; Elapsed Time ;
+----------------+--------------+
; Top            ; 00:00:03     ;
+----------------+--------------+


+-------------------------------+
; Analysis & Synthesis Messages ;
+-------------------------------+
Info: *******************************************************************
Info: Running Quartus Prime Analysis & Synthesis
    Info: Version 18.1.0 Build 625 09/12/2018 SJ Lite Edition
    Info: Processing started: Thu Feb 01 16:41:42 2024
Info: Command: quartus_map --read_settings_files=on --write_settings_files=off lab1 -c lab1
Warning (18236): Number of processors has not been specified which may cause overloading on shared machines.  Set the global assignment NUM_PARALLEL_PROCESSORS in your QSF to an appropriate value for best performance.
Info (20030): Parallel compilation is enabled and will use 8 of the 8 processors detected
Info (12021): Found 2 design units, including 1 entities, in source file /ensc350/lab1test/lab1.vhd
    Info (12022): Found design unit 1: lab1-logic File: U:/ENSC350/lab1Test/lab1.vhd Line: 25
    Info (12023): Found entity 1: lab1 File: U:/ENSC350/lab1Test/lab1.vhd Line: 6
Info (12021): Found 2 design units, including 1 entities, in source file /ensc350/lab1test/fsm_tb.vhd
    Info (12022): Found design unit 1: fsm_tb-testBench File: U:/ENSC350/lab1Test/fsm_tb.vhd Line: 7
    Info (12023): Found entity 1: fsm_tb File: U:/ENSC350/lab1Test/fsm_tb.vhd Line: 4
Info (12021): Found 2 design units, including 1 entities, in source file /ensc350/lab1test/fsm.vhd
    Info (12022): Found design unit 1: fsm-behavioural File: U:/ENSC350/lab1Test/fsm.vhd Line: 21
    Info (12023): Found entity 1: fsm File: U:/ENSC350/lab1Test/fsm.vhd Line: 7
Info (12021): Found 2 design units, including 1 entities, in source file /ensc350/lab1test/clock.vhd
    Info (12022): Found design unit 1: Clock-behaviour File: U:/ENSC350/lab1Test/clock.vhd Line: 10
    Info (12023): Found entity 1: Clock File: U:/ENSC350/lab1Test/clock.vhd Line: 5
Info (12127): Elaborating entity "lab1" for the top level hierarchy
Info (12128): Elaborating entity "Clock" for hierarchy "Clock:OBJ1" File: U:/ENSC350/lab1Test/lab1.vhd Line: 62
Info (12128): Elaborating entity "fsm" for hierarchy "fsm:OBJ2" File: U:/ENSC350/lab1Test/lab1.vhd Line: 63
Warning (10492): VHDL Process Statement warning at fsm.vhd(50): signal "rst" is read inside the Process Statement but isn't in the Process Statement's sensitivity list File: U:/ENSC350/lab1Test/fsm.vhd Line: 50
Warning (10492): VHDL Process Statement warning at fsm.vhd(50): signal "pressed" is read inside the Process Statement but isn't in the Process Statement's sensitivity list File: U:/ENSC350/lab1Test/fsm.vhd Line: 50
Warning (10492): VHDL Process Statement warning at fsm.vhd(54): signal "counter" is read inside the Process Statement but isn't in the Process Statement's sensitivity list File: U:/ENSC350/lab1Test/fsm.vhd Line: 54
Info (278001): Inferred 3 megafunctions from design logic
    Info (278004): Inferred divider/modulo megafunction ("lpm_divide") from the following logic: "fsm:OBJ2|Mod0" File: U:/ENSC350/lab1Test/fsm.vhd Line: 173
    Info (278004): Inferred divider/modulo megafunction ("lpm_divide") from the following logic: "fsm:OBJ2|Div0" File: U:/ENSC350/lab1Test/fsm.vhd Line: 174
    Info (278004): Inferred divider/modulo megafunction ("lpm_divide") from the following logic: "fsm:OBJ2|Mod1" File: U:/ENSC350/lab1Test/fsm.vhd Line: 174
Info (12130): Elaborated megafunction instantiation "fsm:OBJ2|lpm_divide:Mod0" File: U:/ENSC350/lab1Test/fsm.vhd Line: 173
Info (12133): Instantiated megafunction "fsm:OBJ2|lpm_divide:Mod0" with the following parameter: File: U:/ENSC350/lab1Test/fsm.vhd Line: 173
    Info (12134): Parameter "LPM_WIDTHN" = "32"
    Info (12134): Parameter "LPM_WIDTHD" = "32"
    Info (12134): Parameter "LPM_NREPRESENTATION" = "SIGNED"
    Info (12134): Parameter "LPM_DREPRESENTATION" = "SIGNED"
    Info (12134): Parameter "LPM_HINT" = "LPM_REMAINDERPOSITIVE=FALSE"
Info (12021): Found 1 design units, including 1 entities, in source file db/lpm_divide_cqo.tdf
    Info (12023): Found entity 1: lpm_divide_cqo File: U:/ENSC350/lab1DONE/db/lpm_divide_cqo.tdf Line: 24
Info (12021): Found 1 design units, including 1 entities, in source file db/abs_divider_4dg.tdf
    Info (12023): Found entity 1: abs_divider_4dg File: U:/ENSC350/lab1DONE/db/abs_divider_4dg.tdf Line: 26
Info (12021): Found 1 design units, including 1 entities, in source file db/alt_u_div_6af.tdf
    Info (12023): Found entity 1: alt_u_div_6af File: U:/ENSC350/lab1DONE/db/alt_u_div_6af.tdf Line: 26
Info (12021): Found 1 design units, including 1 entities, in source file db/add_sub_7pc.tdf
    Info (12023): Found entity 1: add_sub_7pc File: U:/ENSC350/lab1DONE/db/add_sub_7pc.tdf Line: 22
Info (12021): Found 1 design units, including 1 entities, in source file db/add_sub_8pc.tdf
    Info (12023): Found entity 1: add_sub_8pc File: U:/ENSC350/lab1DONE/db/add_sub_8pc.tdf Line: 22
Info (12021): Found 1 design units, including 1 entities, in source file db/lpm_abs_i0a.tdf
    Info (12023): Found entity 1: lpm_abs_i0a File: U:/ENSC350/lab1DONE/db/lpm_abs_i0a.tdf Line: 24
Info (12130): Elaborated megafunction instantiation "fsm:OBJ2|lpm_divide:Div0" File: U:/ENSC350/lab1Test/fsm.vhd Line: 174
Info (12133): Instantiated megafunction "fsm:OBJ2|lpm_divide:Div0" with the following parameter: File: U:/ENSC350/lab1Test/fsm.vhd Line: 174
    Info (12134): Parameter "LPM_WIDTHN" = "32"
    Info (12134): Parameter "LPM_WIDTHD" = "5"
    Info (12134): Parameter "LPM_NREPRESENTATION" = "SIGNED"
    Info (12134): Parameter "LPM_DREPRESENTATION" = "SIGNED"
    Info (12134): Parameter "LPM_HINT" = "LPM_REMAINDERPOSITIVE=FALSE"
Info (12021): Found 1 design units, including 1 entities, in source file db/lpm_divide_p0p.tdf
    Info (12023): Found entity 1: lpm_divide_p0p File: U:/ENSC350/lab1DONE/db/lpm_divide_p0p.tdf Line: 24
Info (12021): Found 1 design units, including 1 entities, in source file db/abs_divider_kbg.tdf
    Info (12023): Found entity 1: abs_divider_kbg File: U:/ENSC350/lab1DONE/db/abs_divider_kbg.tdf Line: 28
Info (12021): Found 1 design units, including 1 entities, in source file db/alt_u_div_67f.tdf
    Info (12023): Found entity 1: alt_u_div_67f File: U:/ENSC350/lab1DONE/db/alt_u_div_67f.tdf Line: 26
Info (12021): Found 1 design units, including 1 entities, in source file db/lpm_abs_2v9.tdf
    Info (12023): Found entity 1: lpm_abs_2v9 File: U:/ENSC350/lab1DONE/db/lpm_abs_2v9.tdf Line: 24
Info (13014): Ignored 93 buffer(s)
    Info (13016): Ignored 93 CARRY_SUM buffer(s)
Info (13000): Registers with preset signals will power-up high File: U:/ENSC350/lab1Test/fsm.vhd Line: 26
Info (13003): DEV_CLRn pin will set, and not reset, register with preset signal due to NOT Gate Push-Back
Warning (13024): Output pins are stuck at VCC or GND
    Warning (13410): Pin "LEDG[5]" is stuck at GND File: U:/ENSC350/lab1Test/lab1.vhd Line: 11
    Warning (13410): Pin "LEDG[6]" is stuck at GND File: U:/ENSC350/lab1Test/lab1.vhd Line: 11
    Warning (13410): Pin "LEDG[7]" is stuck at GND File: U:/ENSC350/lab1Test/lab1.vhd Line: 11
    Warning (13410): Pin "LCD_RW" is stuck at GND File: U:/ENSC350/lab1Test/lab1.vhd Line: 14
    Warning (13410): Pin "LCD_ON" is stuck at VCC File: U:/ENSC350/lab1Test/lab1.vhd Line: 17
    Warning (13410): Pin "LCD_BLON" is stuck at VCC File: U:/ENSC350/lab1Test/lab1.vhd Line: 18
Info (286030): Timing-Driven Synthesis is running
Info (16010): Generating hard_block partition "hard_block:auto_generated_inst"
    Info (16011): Adding 0 node(s), including 0 DDIO, 0 PLL, 0 transceiver and 0 LCELL
Warning (21074): Design contains 11 input pin(s) that do not drive logic
    Warning (15610): No output dependent on input pin "KEY[0]" File: U:/ENSC350/lab1Test/lab1.vhd Line: 9
    Warning (15610): No output dependent on input pin "KEY[1]" File: U:/ENSC350/lab1Test/lab1.vhd Line: 9
    Warning (15610): No output dependent on input pin "KEY[3]" File: U:/ENSC350/lab1Test/lab1.vhd Line: 9
    Warning (15610): No output dependent on input pin "SW[1]" File: U:/ENSC350/lab1Test/lab1.vhd Line: 10
    Warning (15610): No output dependent on input pin "SW[2]" File: U:/ENSC350/lab1Test/lab1.vhd Line: 10
    Warning (15610): No output dependent on input pin "SW[3]" File: U:/ENSC350/lab1Test/lab1.vhd Line: 10
    Warning (15610): No output dependent on input pin "SW[4]" File: U:/ENSC350/lab1Test/lab1.vhd Line: 10
    Warning (15610): No output dependent on input pin "SW[5]" File: U:/ENSC350/lab1Test/lab1.vhd Line: 10
    Warning (15610): No output dependent on input pin "SW[6]" File: U:/ENSC350/lab1Test/lab1.vhd Line: 10
    Warning (15610): No output dependent on input pin "SW[7]" File: U:/ENSC350/lab1Test/lab1.vhd Line: 10
    Warning (15610): No output dependent on input pin "SW[8]" File: U:/ENSC350/lab1Test/lab1.vhd Line: 10
Info (21057): Implemented 3913 device resources after synthesis - the final resource count might be different
    Info (21058): Implemented 14 input pins
    Info (21059): Implemented 43 output pins
    Info (21061): Implemented 3856 logic cells
Info: Quartus Prime Analysis & Synthesis was successful. 0 errors, 23 warnings
    Info: Peak virtual memory: 4855 megabytes
    Info: Processing ended: Thu Feb 01 16:41:56 2024
    Info: Elapsed time: 00:00:14
    Info: Total CPU time (on all processors): 00:00:21


