Analysis & Synthesis report for lab2
Thu Feb 15 17:07:32 2024
Quartus Prime Version 18.1.0 Build 625 09/12/2018 SJ Lite Edition


---------------------
; Table of Contents ;
---------------------
  1. Legal Notice
  2. Analysis & Synthesis Summary
  3. Analysis & Synthesis Settings
  4. Parallel Compilation
  5. Analysis & Synthesis Source Files Read
  6. Analysis & Synthesis Resource Usage Summary
  7. Analysis & Synthesis Resource Utilization by Entity
  8. General Register Statistics
  9. Inverted Register Statistics
 10. Multiplexer Restructuring Statistics (Restructuring Performed)
 11. Parameter Settings for User Entity Instance: debounce:key0
 12. Parameter Settings for User Entity Instance: registerGeneral:sixBitReg1
 13. Parameter Settings for User Entity Instance: registerGeneral:sixBitReg2
 14. Parameter Settings for User Entity Instance: registerGeneral:dff
 15. Parameter Settings for User Entity Instance: registerGeneral:twoBitReg
 16. Parameter Settings for User Entity Instance: registerGeneral:threeBitReg1
 17. Parameter Settings for User Entity Instance: registerGeneral:threeBitReg2
 18. Parameter Settings for User Entity Instance: registerGeneral:threeBitReg3
 19. Parameter Settings for Inferred Entity Instance: lpm_divide:Div0
 20. Parameter Settings for Inferred Entity Instance: lpm_divide:Mod0
 21. Parameter Settings for Inferred Entity Instance: lpm_divide:Div1
 22. Parameter Settings for Inferred Entity Instance: lpm_divide:Mod1
 23. Parameter Settings for Inferred Entity Instance: lpm_divide:Div2
 24. Parameter Settings for Inferred Entity Instance: lpm_divide:Mod2
 25. Parameter Settings for Inferred Entity Instance: lpm_divide:Div3
 26. Parameter Settings for Inferred Entity Instance: lpm_divide:Mod3
 27. Parameter Settings for Inferred Entity Instance: new_balance:newBal|lpm_mult:Mult0
 28. lpm_mult Parameter Settings by Entity Instance
 29. Port Connectivity Checks: "registerGeneral:dff"
 30. Post-Synthesis Netlist Statistics for Top Partition
 31. Elapsed Time Per Partition
 32. Analysis & Synthesis Messages



----------------
; Legal Notice ;
----------------
Copyright (C) 2018  Intel Corporation. All rights reserved.
Your use of Intel Corporation's design tools, logic functions 
and other software and tools, and its AMPP partner logic 
functions, and any output files from any of the foregoing 
(including device programming or simulation files), and any 
associated documentation or information are expressly subject 
to the terms and conditions of the Intel Program License 
Subscription Agreement, the Intel Quartus Prime License Agreement,
the Intel FPGA IP License Agreement, or other applicable license
agreement, including, without limitation, that your use is for
the sole purpose of programming logic devices manufactured by
Intel and sold by Intel or its authorized distributors.  Please
refer to the applicable agreement for further details.



+----------------------------------------------------------------------------------+
; Analysis & Synthesis Summary                                                     ;
+------------------------------------+---------------------------------------------+
; Analysis & Synthesis Status        ; Successful - Thu Feb 15 17:07:32 2024       ;
; Quartus Prime Version              ; 18.1.0 Build 625 09/12/2018 SJ Lite Edition ;
; Revision Name                      ; lab2                                        ;
; Top-level Entity Name              ; roulette                                    ;
; Family                             ; Cyclone IV E                                ;
; Total logic elements               ; 1,092                                       ;
;     Total combinational functions  ; 1,068                                       ;
;     Dedicated logic registers      ; 74                                          ;
; Total registers                    ; 74                                          ;
; Total pins                         ; 83                                          ;
; Total virtual pins                 ; 0                                           ;
; Total memory bits                  ; 0                                           ;
; Embedded Multiplier 9-bit elements ; 0                                           ;
; Total PLLs                         ; 0                                           ;
+------------------------------------+---------------------------------------------+


+------------------------------------------------------------------------------------------------------------+
; Analysis & Synthesis Settings                                                                              ;
+------------------------------------------------------------------+--------------------+--------------------+
; Option                                                           ; Setting            ; Default Value      ;
+------------------------------------------------------------------+--------------------+--------------------+
; Device                                                           ; EP4CE115F29C7      ;                    ;
; Top-level entity name                                            ; roulette           ; lab2               ;
; Family name                                                      ; Cyclone IV E       ; Cyclone V          ;
; Use smart compilation                                            ; Off                ; Off                ;
; Enable parallel Assembler and Timing Analyzer during compilation ; On                 ; On                 ;
; Enable compact report table                                      ; Off                ; Off                ;
; Restructure Multiplexers                                         ; Auto               ; Auto               ;
; Create Debugging Nodes for IP Cores                              ; Off                ; Off                ;
; Preserve fewer node names                                        ; On                 ; On                 ;
; Intel FPGA IP Evaluation Mode                                    ; Enable             ; Enable             ;
; Verilog Version                                                  ; Verilog_2001       ; Verilog_2001       ;
; VHDL Version                                                     ; VHDL_1993          ; VHDL_1993          ;
; State Machine Processing                                         ; Auto               ; Auto               ;
; Safe State Machine                                               ; Off                ; Off                ;
; Extract Verilog State Machines                                   ; On                 ; On                 ;
; Extract VHDL State Machines                                      ; On                 ; On                 ;
; Ignore Verilog initial constructs                                ; Off                ; Off                ;
; Iteration limit for constant Verilog loops                       ; 5000               ; 5000               ;
; Iteration limit for non-constant Verilog loops                   ; 250                ; 250                ;
; Add Pass-Through Logic to Inferred RAMs                          ; On                 ; On                 ;
; Infer RAMs from Raw Logic                                        ; On                 ; On                 ;
; Parallel Synthesis                                               ; On                 ; On                 ;
; DSP Block Balancing                                              ; Auto               ; Auto               ;
; NOT Gate Push-Back                                               ; On                 ; On                 ;
; Power-Up Don't Care                                              ; On                 ; On                 ;
; Remove Redundant Logic Cells                                     ; Off                ; Off                ;
; Remove Duplicate Registers                                       ; On                 ; On                 ;
; Ignore CARRY Buffers                                             ; Off                ; Off                ;
; Ignore CASCADE Buffers                                           ; Off                ; Off                ;
; Ignore GLOBAL Buffers                                            ; Off                ; Off                ;
; Ignore ROW GLOBAL Buffers                                        ; Off                ; Off                ;
; Ignore LCELL Buffers                                             ; Off                ; Off                ;
; Ignore SOFT Buffers                                              ; On                 ; On                 ;
; Limit AHDL Integers to 32 Bits                                   ; Off                ; Off                ;
; Optimization Technique                                           ; Balanced           ; Balanced           ;
; Carry Chain Length                                               ; 70                 ; 70                 ;
; Auto Carry Chains                                                ; On                 ; On                 ;
; Auto Open-Drain Pins                                             ; On                 ; On                 ;
; Perform WYSIWYG Primitive Resynthesis                            ; Off                ; Off                ;
; Auto ROM Replacement                                             ; On                 ; On                 ;
; Auto RAM Replacement                                             ; On                 ; On                 ;
; Auto DSP Block Replacement                                       ; On                 ; On                 ;
; Auto Shift Register Replacement                                  ; Auto               ; Auto               ;
; Allow Shift Register Merging across Hierarchies                  ; Auto               ; Auto               ;
; Auto Clock Enable Replacement                                    ; On                 ; On                 ;
; Strict RAM Replacement                                           ; Off                ; Off                ;
; Allow Synchronous Control Signals                                ; On                 ; On                 ;
; Force Use of Synchronous Clear Signals                           ; Off                ; Off                ;
; Auto RAM Block Balancing                                         ; On                 ; On                 ;
; Auto RAM to Logic Cell Conversion                                ; Off                ; Off                ;
; Auto Resource Sharing                                            ; Off                ; Off                ;
; Allow Any RAM Size For Recognition                               ; Off                ; Off                ;
; Allow Any ROM Size For Recognition                               ; Off                ; Off                ;
; Allow Any Shift Register Size For Recognition                    ; Off                ; Off                ;
; Use LogicLock Constraints during Resource Balancing              ; On                 ; On                 ;
; Ignore translate_off and synthesis_off directives                ; Off                ; Off                ;
; Timing-Driven Synthesis                                          ; On                 ; On                 ;
; Report Parameter Settings                                        ; On                 ; On                 ;
; Report Source Assignments                                        ; On                 ; On                 ;
; Report Connectivity Checks                                       ; On                 ; On                 ;
; Ignore Maximum Fan-Out Assignments                               ; Off                ; Off                ;
; Synchronization Register Chain Length                            ; 2                  ; 2                  ;
; Power Optimization During Synthesis                              ; Normal compilation ; Normal compilation ;
; HDL message level                                                ; Level2             ; Level2             ;
; Suppress Register Optimization Related Messages                  ; Off                ; Off                ;
; Number of Removed Registers Reported in Synthesis Report         ; 5000               ; 5000               ;
; Number of Swept Nodes Reported in Synthesis Report               ; 5000               ; 5000               ;
; Number of Inverted Registers Reported in Synthesis Report        ; 100                ; 100                ;
; Clock MUX Protection                                             ; On                 ; On                 ;
; Auto Gated Clock Conversion                                      ; Off                ; Off                ;
; Block Design Naming                                              ; Auto               ; Auto               ;
; SDC constraint protection                                        ; Off                ; Off                ;
; Synthesis Effort                                                 ; Auto               ; Auto               ;
; Shift Register Replacement - Allow Asynchronous Clear Signal     ; On                 ; On                 ;
; Pre-Mapping Resynthesis Optimization                             ; Off                ; Off                ;
; Analysis & Synthesis Message Level                               ; Medium             ; Medium             ;
; Disable Register Merging Across Hierarchies                      ; Auto               ; Auto               ;
; Resource Aware Inference For Block RAM                           ; On                 ; On                 ;
+------------------------------------------------------------------+--------------------+--------------------+


+------------------------------------------+
; Parallel Compilation                     ;
+----------------------------+-------------+
; Processors                 ; Number      ;
+----------------------------+-------------+
; Number detected on machine ; 16          ;
; Maximum allowed            ; 8           ;
;                            ;             ;
; Average used               ; 1.00        ;
; Maximum used               ; 8           ;
;                            ;             ;
; Usage by Processor         ; % Time Used ;
;     Processor 1            ; 100.0%      ;
;     Processors 2-8         ;   0.0%      ;
+----------------------------+-------------+


+--------------------------------------------------------------------------------------------------------------------------------------------------------------------------+
; Analysis & Synthesis Source Files Read                                                                                                                                   ;
+----------------------------------+-----------------+------------------------------+----------------------------------------------------------------------------+---------+
; File Name with User-Entered Path ; Used in Netlist ; File Type                    ; File Name with Absolute Path                                               ; Library ;
+----------------------------------+-----------------+------------------------------+----------------------------------------------------------------------------+---------+
; digit7seg_tb.vhd                 ; yes             ; User VHDL File               ; C:/Users/nma66/Downloads/Lab2 (1)/Lab2/digit7seg_tb.vhd                    ;         ;
; register12.vhd                   ; yes             ; User VHDL File               ; C:/Users/nma66/Downloads/Lab2 (1)/Lab2/register12.vhd                      ;         ;
; digit7seg.vhd                    ; yes             ; User VHDL File               ; C:/Users/nma66/Downloads/Lab2 (1)/Lab2/digit7seg.vhd                       ;         ;
; registerGeneral.vhd              ; yes             ; User VHDL File               ; C:/Users/nma66/Downloads/Lab2 (1)/Lab2/registerGeneral.vhd                 ;         ;
; spinwheel.vhd                    ; yes             ; User VHDL File               ; C:/Users/nma66/Downloads/Lab2 (1)/Lab2/spinwheel.vhd                       ;         ;
; roulette.vhd                     ; yes             ; User VHDL File               ; C:/Users/nma66/Downloads/Lab2 (1)/Lab2/roulette.vhd                        ;         ;
; win_tb.vhd                       ; yes             ; User VHDL File               ; C:/Users/nma66/Downloads/Lab2 (1)/Lab2/win_tb.vhd                          ;         ;
; win.vhd                          ; yes             ; User VHDL File               ; C:/Users/nma66/Downloads/Lab2 (1)/Lab2/win.vhd                             ;         ;
; new_balance_tb.vhd               ; yes             ; User VHDL File               ; C:/Users/nma66/Downloads/Lab2 (1)/Lab2/new_balance_tb.vhd                  ;         ;
; new_balance.vhd                  ; yes             ; User VHDL File               ; C:/Users/nma66/Downloads/Lab2 (1)/Lab2/new_balance.vhd                     ;         ;
; debounce.vhd                     ; yes             ; User VHDL File               ; C:/Users/nma66/Downloads/Lab2 (1)/Lab2/debounce.vhd                        ;         ;
; lpm_divide.tdf                   ; yes             ; Megafunction                 ; c:/intelfpga_lite/18.1/quartus/libraries/megafunctions/lpm_divide.tdf      ;         ;
; abs_divider.inc                  ; yes             ; Megafunction                 ; c:/intelfpga_lite/18.1/quartus/libraries/megafunctions/abs_divider.inc     ;         ;
; sign_div_unsign.inc              ; yes             ; Megafunction                 ; c:/intelfpga_lite/18.1/quartus/libraries/megafunctions/sign_div_unsign.inc ;         ;
; aglobal181.inc                   ; yes             ; Megafunction                 ; c:/intelfpga_lite/18.1/quartus/libraries/megafunctions/aglobal181.inc      ;         ;
; db/lpm_divide_hhm.tdf            ; yes             ; Auto-Generated Megafunction  ; C:/Users/nma66/Downloads/Lab2 (1)/Lab2/db/lpm_divide_hhm.tdf               ;         ;
; db/sign_div_unsign_9kh.tdf       ; yes             ; Auto-Generated Megafunction  ; C:/Users/nma66/Downloads/Lab2 (1)/Lab2/db/sign_div_unsign_9kh.tdf          ;         ;
; db/alt_u_div_64f.tdf             ; yes             ; Auto-Generated Megafunction  ; C:/Users/nma66/Downloads/Lab2 (1)/Lab2/db/alt_u_div_64f.tdf                ;         ;
; db/add_sub_7pc.tdf               ; yes             ; Auto-Generated Megafunction  ; C:/Users/nma66/Downloads/Lab2 (1)/Lab2/db/add_sub_7pc.tdf                  ;         ;
; db/add_sub_8pc.tdf               ; yes             ; Auto-Generated Megafunction  ; C:/Users/nma66/Downloads/Lab2 (1)/Lab2/db/add_sub_8pc.tdf                  ;         ;
; db/lpm_divide_m9m.tdf            ; yes             ; Auto-Generated Megafunction  ; C:/Users/nma66/Downloads/Lab2 (1)/Lab2/db/lpm_divide_m9m.tdf               ;         ;
; db/sign_div_unsign_bkh.tdf       ; yes             ; Auto-Generated Megafunction  ; C:/Users/nma66/Downloads/Lab2 (1)/Lab2/db/sign_div_unsign_bkh.tdf          ;         ;
; db/alt_u_div_a4f.tdf             ; yes             ; Auto-Generated Megafunction  ; C:/Users/nma66/Downloads/Lab2 (1)/Lab2/db/alt_u_div_a4f.tdf                ;         ;
; db/lpm_divide_bkm.tdf            ; yes             ; Auto-Generated Megafunction  ; C:/Users/nma66/Downloads/Lab2 (1)/Lab2/db/lpm_divide_bkm.tdf               ;         ;
; db/sign_div_unsign_3nh.tdf       ; yes             ; Auto-Generated Megafunction  ; C:/Users/nma66/Downloads/Lab2 (1)/Lab2/db/sign_div_unsign_3nh.tdf          ;         ;
; db/alt_u_div_q9f.tdf             ; yes             ; Auto-Generated Megafunction  ; C:/Users/nma66/Downloads/Lab2 (1)/Lab2/db/alt_u_div_q9f.tdf                ;         ;
; db/lpm_divide_gcm.tdf            ; yes             ; Auto-Generated Megafunction  ; C:/Users/nma66/Downloads/Lab2 (1)/Lab2/db/lpm_divide_gcm.tdf               ;         ;
; db/sign_div_unsign_5nh.tdf       ; yes             ; Auto-Generated Megafunction  ; C:/Users/nma66/Downloads/Lab2 (1)/Lab2/db/sign_div_unsign_5nh.tdf          ;         ;
; db/alt_u_div_u9f.tdf             ; yes             ; Auto-Generated Megafunction  ; C:/Users/nma66/Downloads/Lab2 (1)/Lab2/db/alt_u_div_u9f.tdf                ;         ;
; db/lpm_divide_1jm.tdf            ; yes             ; Auto-Generated Megafunction  ; C:/Users/nma66/Downloads/Lab2 (1)/Lab2/db/lpm_divide_1jm.tdf               ;         ;
; db/sign_div_unsign_plh.tdf       ; yes             ; Auto-Generated Megafunction  ; C:/Users/nma66/Downloads/Lab2 (1)/Lab2/db/sign_div_unsign_plh.tdf          ;         ;
; db/alt_u_div_67f.tdf             ; yes             ; Auto-Generated Megafunction  ; C:/Users/nma66/Downloads/Lab2 (1)/Lab2/db/alt_u_div_67f.tdf                ;         ;
; db/lpm_divide_uim.tdf            ; yes             ; Auto-Generated Megafunction  ; C:/Users/nma66/Downloads/Lab2 (1)/Lab2/db/lpm_divide_uim.tdf               ;         ;
; db/sign_div_unsign_mlh.tdf       ; yes             ; Auto-Generated Megafunction  ; C:/Users/nma66/Downloads/Lab2 (1)/Lab2/db/sign_div_unsign_mlh.tdf          ;         ;
; db/alt_u_div_07f.tdf             ; yes             ; Auto-Generated Megafunction  ; C:/Users/nma66/Downloads/Lab2 (1)/Lab2/db/alt_u_div_07f.tdf                ;         ;
; lpm_mult.tdf                     ; yes             ; Megafunction                 ; c:/intelfpga_lite/18.1/quartus/libraries/megafunctions/lpm_mult.tdf        ;         ;
; lpm_add_sub.inc                  ; yes             ; Megafunction                 ; c:/intelfpga_lite/18.1/quartus/libraries/megafunctions/lpm_add_sub.inc     ;         ;
; multcore.inc                     ; yes             ; Megafunction                 ; c:/intelfpga_lite/18.1/quartus/libraries/megafunctions/multcore.inc        ;         ;
; bypassff.inc                     ; yes             ; Megafunction                 ; c:/intelfpga_lite/18.1/quartus/libraries/megafunctions/bypassff.inc        ;         ;
; altshift.inc                     ; yes             ; Megafunction                 ; c:/intelfpga_lite/18.1/quartus/libraries/megafunctions/altshift.inc        ;         ;
; multcore.tdf                     ; yes             ; Megafunction                 ; c:/intelfpga_lite/18.1/quartus/libraries/megafunctions/multcore.tdf        ;         ;
; csa_add.inc                      ; yes             ; Megafunction                 ; c:/intelfpga_lite/18.1/quartus/libraries/megafunctions/csa_add.inc         ;         ;
; mpar_add.inc                     ; yes             ; Megafunction                 ; c:/intelfpga_lite/18.1/quartus/libraries/megafunctions/mpar_add.inc        ;         ;
; muleabz.inc                      ; yes             ; Megafunction                 ; c:/intelfpga_lite/18.1/quartus/libraries/megafunctions/muleabz.inc         ;         ;
; mul_lfrg.inc                     ; yes             ; Megafunction                 ; c:/intelfpga_lite/18.1/quartus/libraries/megafunctions/mul_lfrg.inc        ;         ;
; mul_boothc.inc                   ; yes             ; Megafunction                 ; c:/intelfpga_lite/18.1/quartus/libraries/megafunctions/mul_boothc.inc      ;         ;
; alt_ded_mult.inc                 ; yes             ; Megafunction                 ; c:/intelfpga_lite/18.1/quartus/libraries/megafunctions/alt_ded_mult.inc    ;         ;
; alt_ded_mult_y.inc               ; yes             ; Megafunction                 ; c:/intelfpga_lite/18.1/quartus/libraries/megafunctions/alt_ded_mult_y.inc  ;         ;
; dffpipe.inc                      ; yes             ; Megafunction                 ; c:/intelfpga_lite/18.1/quartus/libraries/megafunctions/dffpipe.inc         ;         ;
; mpar_add.tdf                     ; yes             ; Megafunction                 ; c:/intelfpga_lite/18.1/quartus/libraries/megafunctions/mpar_add.tdf        ;         ;
; altshift.tdf                     ; yes             ; Megafunction                 ; c:/intelfpga_lite/18.1/quartus/libraries/megafunctions/altshift.tdf        ;         ;
+----------------------------------+-----------------+------------------------------+----------------------------------------------------------------------------+---------+


+------------------------------------------------------------+
; Analysis & Synthesis Resource Usage Summary                ;
+---------------------------------------------+--------------+
; Resource                                    ; Usage        ;
+---------------------------------------------+--------------+
; Estimated Total logic elements              ; 1,092        ;
;                                             ;              ;
; Total combinational functions               ; 1068         ;
; Logic element usage by number of LUT inputs ;              ;
;     -- 4 input functions                    ; 289          ;
;     -- 3 input functions                    ; 270          ;
;     -- <=2 input functions                  ; 509          ;
;                                             ;              ;
; Logic elements by mode                      ;              ;
;     -- normal mode                          ; 720          ;
;     -- arithmetic mode                      ; 348          ;
;                                             ;              ;
; Total registers                             ; 74           ;
;     -- Dedicated logic registers            ; 74           ;
;     -- I/O registers                        ; 0            ;
;                                             ;              ;
; I/O pins                                    ; 83           ;
;                                             ;              ;
; Embedded Multiplier 9-bit elements          ; 0            ;
;                                             ;              ;
; Maximum fan-out node                        ; KEY[1]~input ;
; Maximum fan-out                             ; 68           ;
; Total fan-out                               ; 3235         ;
; Average fan-out                             ; 2.47         ;
+---------------------------------------------+--------------+


+--------------------------------------------------------------------------------------------------------------------------------------------------------------------------------------------------------------------------------------------------------------------------------------------------------------------+
; Analysis & Synthesis Resource Utilization by Entity                                                                                                                                                                                                                                                                ;
+----------------------------------------+---------------------+---------------------------+-------------+--------------+---------+-----------+------+--------------+-----------------------------------------------------------------------------------------------------------+---------------------+--------------+
; Compilation Hierarchy Node             ; Combinational ALUTs ; Dedicated Logic Registers ; Memory Bits ; DSP Elements ; DSP 9x9 ; DSP 18x18 ; Pins ; Virtual Pins ; Full Hierarchy Name                                                                                       ; Entity Name         ; Library Name ;
+----------------------------------------+---------------------+---------------------------+-------------+--------------+---------+-----------+------+--------------+-----------------------------------------------------------------------------------------------------------+---------------------+--------------+
; |roulette                              ; 1068 (0)            ; 74 (0)                    ; 0           ; 0            ; 0       ; 0         ; 83   ; 0            ; |roulette                                                                                                 ; roulette            ; work         ;
;    |debounce:key0|                     ; 15 (15)             ; 6 (6)                     ; 0           ; 0            ; 0       ; 0         ; 0    ; 0            ; |roulette|debounce:key0                                                                                   ; debounce            ; work         ;
;    |digit7seg:hex_0|                   ; 7 (7)               ; 0 (0)                     ; 0           ; 0            ; 0       ; 0         ; 0    ; 0            ; |roulette|digit7seg:hex_0                                                                                 ; digit7seg           ; work         ;
;    |digit7seg:hex_1|                   ; 7 (7)               ; 0 (0)                     ; 0           ; 0            ; 0       ; 0         ; 0    ; 0            ; |roulette|digit7seg:hex_1                                                                                 ; digit7seg           ; work         ;
;    |digit7seg:hex_2|                   ; 7 (7)               ; 0 (0)                     ; 0           ; 0            ; 0       ; 0         ; 0    ; 0            ; |roulette|digit7seg:hex_2                                                                                 ; digit7seg           ; work         ;
;    |digit7seg:hex_3|                   ; 7 (7)               ; 0 (0)                     ; 0           ; 0            ; 0       ; 0         ; 0    ; 0            ; |roulette|digit7seg:hex_3                                                                                 ; digit7seg           ; work         ;
;    |digit7seg:hex_6|                   ; 7 (7)               ; 0 (0)                     ; 0           ; 0            ; 0       ; 0         ; 0    ; 0            ; |roulette|digit7seg:hex_6                                                                                 ; digit7seg           ; work         ;
;    |digit7seg:hex_7|                   ; 7 (7)               ; 0 (0)                     ; 0           ; 0            ; 0       ; 0         ; 0    ; 0            ; |roulette|digit7seg:hex_7                                                                                 ; digit7seg           ; work         ;
;    |lpm_divide:Div0|                   ; 30 (0)              ; 0 (0)                     ; 0           ; 0            ; 0       ; 0         ; 0    ; 0            ; |roulette|lpm_divide:Div0                                                                                 ; lpm_divide          ; work         ;
;       |lpm_divide_hhm:auto_generated|  ; 30 (0)              ; 0 (0)                     ; 0           ; 0            ; 0       ; 0         ; 0    ; 0            ; |roulette|lpm_divide:Div0|lpm_divide_hhm:auto_generated                                                   ; lpm_divide_hhm      ; work         ;
;          |sign_div_unsign_9kh:divider| ; 30 (0)              ; 0 (0)                     ; 0           ; 0            ; 0       ; 0         ; 0    ; 0            ; |roulette|lpm_divide:Div0|lpm_divide_hhm:auto_generated|sign_div_unsign_9kh:divider                       ; sign_div_unsign_9kh ; work         ;
;             |alt_u_div_64f:divider|    ; 30 (30)             ; 0 (0)                     ; 0           ; 0            ; 0       ; 0         ; 0    ; 0            ; |roulette|lpm_divide:Div0|lpm_divide_hhm:auto_generated|sign_div_unsign_9kh:divider|alt_u_div_64f:divider ; alt_u_div_64f       ; work         ;
;    |lpm_divide:Div1|                   ; 61 (0)              ; 0 (0)                     ; 0           ; 0            ; 0       ; 0         ; 0    ; 0            ; |roulette|lpm_divide:Div1                                                                                 ; lpm_divide          ; work         ;
;       |lpm_divide_bkm:auto_generated|  ; 61 (0)              ; 0 (0)                     ; 0           ; 0            ; 0       ; 0         ; 0    ; 0            ; |roulette|lpm_divide:Div1|lpm_divide_bkm:auto_generated                                                   ; lpm_divide_bkm      ; work         ;
;          |sign_div_unsign_3nh:divider| ; 61 (0)              ; 0 (0)                     ; 0           ; 0            ; 0       ; 0         ; 0    ; 0            ; |roulette|lpm_divide:Div1|lpm_divide_bkm:auto_generated|sign_div_unsign_3nh:divider                       ; sign_div_unsign_3nh ; work         ;
;             |alt_u_div_q9f:divider|    ; 61 (61)             ; 0 (0)                     ; 0           ; 0            ; 0       ; 0         ; 0    ; 0            ; |roulette|lpm_divide:Div1|lpm_divide_bkm:auto_generated|sign_div_unsign_3nh:divider|alt_u_div_q9f:divider ; alt_u_div_q9f       ; work         ;
;    |lpm_divide:Div2|                   ; 118 (0)             ; 0 (0)                     ; 0           ; 0            ; 0       ; 0         ; 0    ; 0            ; |roulette|lpm_divide:Div2                                                                                 ; lpm_divide          ; work         ;
;       |lpm_divide_1jm:auto_generated|  ; 118 (0)             ; 0 (0)                     ; 0           ; 0            ; 0       ; 0         ; 0    ; 0            ; |roulette|lpm_divide:Div2|lpm_divide_1jm:auto_generated                                                   ; lpm_divide_1jm      ; work         ;
;          |sign_div_unsign_plh:divider| ; 118 (0)             ; 0 (0)                     ; 0           ; 0            ; 0       ; 0         ; 0    ; 0            ; |roulette|lpm_divide:Div2|lpm_divide_1jm:auto_generated|sign_div_unsign_plh:divider                       ; sign_div_unsign_plh ; work         ;
;             |alt_u_div_67f:divider|    ; 118 (118)           ; 0 (0)                     ; 0           ; 0            ; 0       ; 0         ; 0    ; 0            ; |roulette|lpm_divide:Div2|lpm_divide_1jm:auto_generated|sign_div_unsign_plh:divider|alt_u_div_67f:divider ; alt_u_div_67f       ; work         ;
;    |lpm_divide:Div3|                   ; 116 (0)             ; 0 (0)                     ; 0           ; 0            ; 0       ; 0         ; 0    ; 0            ; |roulette|lpm_divide:Div3                                                                                 ; lpm_divide          ; work         ;
;       |lpm_divide_uim:auto_generated|  ; 116 (0)             ; 0 (0)                     ; 0           ; 0            ; 0       ; 0         ; 0    ; 0            ; |roulette|lpm_divide:Div3|lpm_divide_uim:auto_generated                                                   ; lpm_divide_uim      ; work         ;
;          |sign_div_unsign_mlh:divider| ; 116 (0)             ; 0 (0)                     ; 0           ; 0            ; 0       ; 0         ; 0    ; 0            ; |roulette|lpm_divide:Div3|lpm_divide_uim:auto_generated|sign_div_unsign_mlh:divider                       ; sign_div_unsign_mlh ; work         ;
;             |alt_u_div_07f:divider|    ; 116 (116)           ; 0 (0)                     ; 0           ; 0            ; 0       ; 0         ; 0    ; 0            ; |roulette|lpm_divide:Div3|lpm_divide_uim:auto_generated|sign_div_unsign_mlh:divider|alt_u_div_07f:divider ; alt_u_div_07f       ; work         ;
;    |lpm_divide:Mod0|                   ; 36 (0)              ; 0 (0)                     ; 0           ; 0            ; 0       ; 0         ; 0    ; 0            ; |roulette|lpm_divide:Mod0                                                                                 ; lpm_divide          ; work         ;
;       |lpm_divide_m9m:auto_generated|  ; 36 (0)              ; 0 (0)                     ; 0           ; 0            ; 0       ; 0         ; 0    ; 0            ; |roulette|lpm_divide:Mod0|lpm_divide_m9m:auto_generated                                                   ; lpm_divide_m9m      ; work         ;
;          |sign_div_unsign_bkh:divider| ; 36 (0)              ; 0 (0)                     ; 0           ; 0            ; 0       ; 0         ; 0    ; 0            ; |roulette|lpm_divide:Mod0|lpm_divide_m9m:auto_generated|sign_div_unsign_bkh:divider                       ; sign_div_unsign_bkh ; work         ;
;             |alt_u_div_a4f:divider|    ; 36 (36)             ; 0 (0)                     ; 0           ; 0            ; 0       ; 0         ; 0    ; 0            ; |roulette|lpm_divide:Mod0|lpm_divide_m9m:auto_generated|sign_div_unsign_bkh:divider|alt_u_div_a4f:divider ; alt_u_div_a4f       ; work         ;
;    |lpm_divide:Mod1|                   ; 90 (0)              ; 0 (0)                     ; 0           ; 0            ; 0       ; 0         ; 0    ; 0            ; |roulette|lpm_divide:Mod1                                                                                 ; lpm_divide          ; work         ;
;       |lpm_divide_gcm:auto_generated|  ; 90 (0)              ; 0 (0)                     ; 0           ; 0            ; 0       ; 0         ; 0    ; 0            ; |roulette|lpm_divide:Mod1|lpm_divide_gcm:auto_generated                                                   ; lpm_divide_gcm      ; work         ;
;          |sign_div_unsign_5nh:divider| ; 90 (0)              ; 0 (0)                     ; 0           ; 0            ; 0       ; 0         ; 0    ; 0            ; |roulette|lpm_divide:Mod1|lpm_divide_gcm:auto_generated|sign_div_unsign_5nh:divider                       ; sign_div_unsign_5nh ; work         ;
;             |alt_u_div_u9f:divider|    ; 90 (90)             ; 0 (0)                     ; 0           ; 0            ; 0       ; 0         ; 0    ; 0            ; |roulette|lpm_divide:Mod1|lpm_divide_gcm:auto_generated|sign_div_unsign_5nh:divider|alt_u_div_u9f:divider ; alt_u_div_u9f       ; work         ;
;    |lpm_divide:Mod2|                   ; 168 (0)             ; 0 (0)                     ; 0           ; 0            ; 0       ; 0         ; 0    ; 0            ; |roulette|lpm_divide:Mod2                                                                                 ; lpm_divide          ; work         ;
;       |lpm_divide_gcm:auto_generated|  ; 168 (0)             ; 0 (0)                     ; 0           ; 0            ; 0       ; 0         ; 0    ; 0            ; |roulette|lpm_divide:Mod2|lpm_divide_gcm:auto_generated                                                   ; lpm_divide_gcm      ; work         ;
;          |sign_div_unsign_5nh:divider| ; 168 (0)             ; 0 (0)                     ; 0           ; 0            ; 0       ; 0         ; 0    ; 0            ; |roulette|lpm_divide:Mod2|lpm_divide_gcm:auto_generated|sign_div_unsign_5nh:divider                       ; sign_div_unsign_5nh ; work         ;
;             |alt_u_div_u9f:divider|    ; 168 (168)           ; 0 (0)                     ; 0           ; 0            ; 0       ; 0         ; 0    ; 0            ; |roulette|lpm_divide:Mod2|lpm_divide_gcm:auto_generated|sign_div_unsign_5nh:divider|alt_u_div_u9f:divider ; alt_u_div_u9f       ; work         ;
;    |lpm_divide:Mod3|                   ; 195 (0)             ; 0 (0)                     ; 0           ; 0            ; 0       ; 0         ; 0    ; 0            ; |roulette|lpm_divide:Mod3                                                                                 ; lpm_divide          ; work         ;
;       |lpm_divide_gcm:auto_generated|  ; 195 (0)             ; 0 (0)                     ; 0           ; 0            ; 0       ; 0         ; 0    ; 0            ; |roulette|lpm_divide:Mod3|lpm_divide_gcm:auto_generated                                                   ; lpm_divide_gcm      ; work         ;
;          |sign_div_unsign_5nh:divider| ; 195 (0)             ; 0 (0)                     ; 0           ; 0            ; 0       ; 0         ; 0    ; 0            ; |roulette|lpm_divide:Mod3|lpm_divide_gcm:auto_generated|sign_div_unsign_5nh:divider                       ; sign_div_unsign_5nh ; work         ;
;             |alt_u_div_u9f:divider|    ; 195 (195)           ; 0 (0)                     ; 0           ; 0            ; 0       ; 0         ; 0    ; 0            ; |roulette|lpm_divide:Mod3|lpm_divide_gcm:auto_generated|sign_div_unsign_5nh:divider|alt_u_div_u9f:divider ; alt_u_div_u9f       ; work         ;
;    |new_balance:newBal|                ; 128 (124)           ; 0 (0)                     ; 0           ; 0            ; 0       ; 0         ; 0    ; 0            ; |roulette|new_balance:newBal                                                                              ; new_balance         ; work         ;
;       |lpm_mult:Mult0|                 ; 4 (0)               ; 0 (0)                     ; 0           ; 0            ; 0       ; 0         ; 0    ; 0            ; |roulette|new_balance:newBal|lpm_mult:Mult0                                                               ; lpm_mult            ; work         ;
;          |multcore:mult_core|          ; 4 (4)               ; 0 (0)                     ; 0           ; 0            ; 0       ; 0         ; 0    ; 0            ; |roulette|new_balance:newBal|lpm_mult:Mult0|multcore:mult_core                                            ; multcore            ; work         ;
;    |register12:twelveBitReg|           ; 1 (1)               ; 12 (12)                   ; 0           ; 0            ; 0       ; 0         ; 0    ; 0            ; |roulette|register12:twelveBitReg                                                                         ; register12          ; work         ;
;    |registerGeneral:dff|               ; 0 (0)               ; 1 (1)                     ; 0           ; 0            ; 0       ; 0         ; 0    ; 0            ; |roulette|registerGeneral:dff                                                                             ; registerGeneral     ; work         ;
;    |registerGeneral:sixBitReg1|        ; 0 (0)               ; 6 (6)                     ; 0           ; 0            ; 0       ; 0         ; 0    ; 0            ; |roulette|registerGeneral:sixBitReg1                                                                      ; registerGeneral     ; work         ;
;    |registerGeneral:sixBitReg2|        ; 0 (0)               ; 6 (6)                     ; 0           ; 0            ; 0       ; 0         ; 0    ; 0            ; |roulette|registerGeneral:sixBitReg2                                                                      ; registerGeneral     ; work         ;
;    |registerGeneral:threeBitReg1|      ; 0 (0)               ; 3 (3)                     ; 0           ; 0            ; 0       ; 0         ; 0    ; 0            ; |roulette|registerGeneral:threeBitReg1                                                                    ; registerGeneral     ; work         ;
;    |registerGeneral:threeBitReg2|      ; 0 (0)               ; 3 (3)                     ; 0           ; 0            ; 0       ; 0         ; 0    ; 0            ; |roulette|registerGeneral:threeBitReg2                                                                    ; registerGeneral     ; work         ;
;    |registerGeneral:threeBitReg3|      ; 0 (0)               ; 3 (3)                     ; 0           ; 0            ; 0       ; 0         ; 0    ; 0            ; |roulette|registerGeneral:threeBitReg3                                                                    ; registerGeneral     ; work         ;
;    |registerGeneral:twoBitReg|         ; 0 (0)               ; 2 (2)                     ; 0           ; 0            ; 0       ; 0         ; 0    ; 0            ; |roulette|registerGeneral:twoBitReg                                                                       ; registerGeneral     ; work         ;
;    |spinwheel:wheel|                   ; 46 (46)             ; 32 (32)                   ; 0           ; 0            ; 0       ; 0         ; 0    ; 0            ; |roulette|spinwheel:wheel                                                                                 ; spinwheel           ; work         ;
;    |win:winLogic|                      ; 22 (22)             ; 0 (0)                     ; 0           ; 0            ; 0       ; 0         ; 0    ; 0            ; |roulette|win:winLogic                                                                                    ; win                 ; work         ;
+----------------------------------------+---------------------+---------------------------+-------------+--------------+---------+-----------+------+--------------+-----------------------------------------------------------------------------------------------------------+---------------------+--------------+
Note: For table entries with two numbers listed, the numbers in parentheses indicate the number of resources of the given type used by the specific entity alone. The numbers listed outside of parentheses indicate the total resources of the given type used by the specific entity and all of its sub-entities in the hierarchy.


+------------------------------------------------------+
; General Register Statistics                          ;
+----------------------------------------------+-------+
; Statistic                                    ; Value ;
+----------------------------------------------+-------+
; Total registers                              ; 74    ;
; Number of registers using Synchronous Clear  ; 0     ;
; Number of registers using Synchronous Load   ; 0     ;
; Number of registers using Asynchronous Clear ; 68    ;
; Number of registers using Asynchronous Load  ; 0     ;
; Number of registers using Clock Enable       ; 0     ;
; Number of registers using Preset             ; 0     ;
+----------------------------------------------+-------+


+--------------------------------------------------+
; Inverted Register Statistics                     ;
+----------------------------------------+---------+
; Inverted Register                      ; Fan out ;
+----------------------------------------+---------+
; register12:twelveBitReg|q[5]           ; 3       ;
; Total number of inverted registers = 1 ;         ;
+----------------------------------------+---------+


+---------------------------------------------------------------------------------------------------------------------------------------------------------+
; Multiplexer Restructuring Statistics (Restructuring Performed)                                                                                          ;
+--------------------+-----------+---------------+----------------------+------------------------+------------+-------------------------------------------+
; Multiplexer Inputs ; Bus Width ; Baseline Area ; Area if Restructured ; Saving if Restructured ; Registered ; Example Multiplexer Output                ;
+--------------------+-----------+---------------+----------------------+------------------------+------------+-------------------------------------------+
; 3:1                ; 5 bits    ; 10 LEs        ; 5 LEs                ; 5 LEs                  ; Yes        ; |roulette|debounce:key0|counter[2]        ;
; 3:1                ; 12 bits   ; 24 LEs        ; 24 LEs               ; 0 LEs                  ; No         ; |roulette|new_balance:newBal|currBalance  ;
; 3:1                ; 12 bits   ; 24 LEs        ; 24 LEs               ; 0 LEs                  ; No         ; |roulette|new_balance:newBal|currBalance  ;
; 3:1                ; 12 bits   ; 24 LEs        ; 24 LEs               ; 0 LEs                  ; No         ; |roulette|new_balance:newBal|new_money[8] ;
+--------------------+-----------+---------------+----------------------+------------------------+------------+-------------------------------------------+


+------------------------------------------------------------+
; Parameter Settings for User Entity Instance: debounce:key0 ;
+----------------+-------+-----------------------------------+
; Parameter Name ; Value ; Type                              ;
+----------------+-------+-----------------------------------+
; timeout_cycles ; 20    ; Signed Integer                    ;
+----------------+-------+-----------------------------------+
Note: In order to hide this table in the UI and the text report file, please set the "Show Parameter Settings in Synthesis Report" option in "Analysis and Synthesis Settings -> More Settings" to "Off".


+-------------------------------------------------------------------------+
; Parameter Settings for User Entity Instance: registerGeneral:sixBitReg1 ;
+----------------+-------+------------------------------------------------+
; Parameter Name ; Value ; Type                                           ;
+----------------+-------+------------------------------------------------+
; numbits        ; 5     ; Signed Integer                                 ;
+----------------+-------+------------------------------------------------+
Note: In order to hide this table in the UI and the text report file, please set the "Show Parameter Settings in Synthesis Report" option in "Analysis and Synthesis Settings -> More Settings" to "Off".


+-------------------------------------------------------------------------+
; Parameter Settings for User Entity Instance: registerGeneral:sixBitReg2 ;
+----------------+-------+------------------------------------------------+
; Parameter Name ; Value ; Type                                           ;
+----------------+-------+------------------------------------------------+
; numbits        ; 5     ; Signed Integer                                 ;
+----------------+-------+------------------------------------------------+
Note: In order to hide this table in the UI and the text report file, please set the "Show Parameter Settings in Synthesis Report" option in "Analysis and Synthesis Settings -> More Settings" to "Off".


+------------------------------------------------------------------+
; Parameter Settings for User Entity Instance: registerGeneral:dff ;
+----------------+-------+-----------------------------------------+
; Parameter Name ; Value ; Type                                    ;
+----------------+-------+-----------------------------------------+
; numbits        ; 1     ; Signed Integer                          ;
+----------------+-------+-----------------------------------------+
Note: In order to hide this table in the UI and the text report file, please set the "Show Parameter Settings in Synthesis Report" option in "Analysis and Synthesis Settings -> More Settings" to "Off".


+------------------------------------------------------------------------+
; Parameter Settings for User Entity Instance: registerGeneral:twoBitReg ;
+----------------+-------+-----------------------------------------------+
; Parameter Name ; Value ; Type                                          ;
+----------------+-------+-----------------------------------------------+
; numbits        ; 1     ; Signed Integer                                ;
+----------------+-------+-----------------------------------------------+
Note: In order to hide this table in the UI and the text report file, please set the "Show Parameter Settings in Synthesis Report" option in "Analysis and Synthesis Settings -> More Settings" to "Off".


+---------------------------------------------------------------------------+
; Parameter Settings for User Entity Instance: registerGeneral:threeBitReg1 ;
+----------------+-------+--------------------------------------------------+
; Parameter Name ; Value ; Type                                             ;
+----------------+-------+--------------------------------------------------+
; numbits        ; 2     ; Signed Integer                                   ;
+----------------+-------+--------------------------------------------------+
Note: In order to hide this table in the UI and the text report file, please set the "Show Parameter Settings in Synthesis Report" option in "Analysis and Synthesis Settings -> More Settings" to "Off".


+---------------------------------------------------------------------------+
; Parameter Settings for User Entity Instance: registerGeneral:threeBitReg2 ;
+----------------+-------+--------------------------------------------------+
; Parameter Name ; Value ; Type                                             ;
+----------------+-------+--------------------------------------------------+
; numbits        ; 2     ; Signed Integer                                   ;
+----------------+-------+--------------------------------------------------+
Note: In order to hide this table in the UI and the text report file, please set the "Show Parameter Settings in Synthesis Report" option in "Analysis and Synthesis Settings -> More Settings" to "Off".


+---------------------------------------------------------------------------+
; Parameter Settings for User Entity Instance: registerGeneral:threeBitReg3 ;
+----------------+-------+--------------------------------------------------+
; Parameter Name ; Value ; Type                                             ;
+----------------+-------+--------------------------------------------------+
; numbits        ; 2     ; Signed Integer                                   ;
+----------------+-------+--------------------------------------------------+
Note: In order to hide this table in the UI and the text report file, please set the "Show Parameter Settings in Synthesis Report" option in "Analysis and Synthesis Settings -> More Settings" to "Off".


+------------------------------------------------------------------+
; Parameter Settings for Inferred Entity Instance: lpm_divide:Div0 ;
+------------------------+----------------+------------------------+
; Parameter Name         ; Value          ; Type                   ;
+------------------------+----------------+------------------------+
; LPM_WIDTHN             ; 6              ; Untyped                ;
; LPM_WIDTHD             ; 4              ; Untyped                ;
; LPM_NREPRESENTATION    ; UNSIGNED       ; Untyped                ;
; LPM_DREPRESENTATION    ; UNSIGNED       ; Untyped                ;
; LPM_PIPELINE           ; 0              ; Untyped                ;
; LPM_REMAINDERPOSITIVE  ; TRUE           ; Untyped                ;
; MAXIMIZE_SPEED         ; 5              ; Untyped                ;
; CBXI_PARAMETER         ; lpm_divide_hhm ; Untyped                ;
; CARRY_CHAIN            ; MANUAL         ; Untyped                ;
; OPTIMIZE_FOR_SPEED     ; 5              ; Untyped                ;
; AUTO_CARRY_CHAINS      ; ON             ; AUTO_CARRY             ;
; IGNORE_CARRY_BUFFERS   ; OFF            ; IGNORE_CARRY           ;
; AUTO_CASCADE_CHAINS    ; ON             ; AUTO_CASCADE           ;
; IGNORE_CASCADE_BUFFERS ; OFF            ; IGNORE_CASCADE         ;
+------------------------+----------------+------------------------+
Note: In order to hide this table in the UI and the text report file, please set the "Show Parameter Settings in Synthesis Report" option in "Analysis and Synthesis Settings -> More Settings" to "Off".


+------------------------------------------------------------------+
; Parameter Settings for Inferred Entity Instance: lpm_divide:Mod0 ;
+------------------------+----------------+------------------------+
; Parameter Name         ; Value          ; Type                   ;
+------------------------+----------------+------------------------+
; LPM_WIDTHN             ; 6              ; Untyped                ;
; LPM_WIDTHD             ; 6              ; Untyped                ;
; LPM_NREPRESENTATION    ; UNSIGNED       ; Untyped                ;
; LPM_DREPRESENTATION    ; UNSIGNED       ; Untyped                ;
; LPM_PIPELINE           ; 0              ; Untyped                ;
; LPM_REMAINDERPOSITIVE  ; TRUE           ; Untyped                ;
; MAXIMIZE_SPEED         ; 5              ; Untyped                ;
; CBXI_PARAMETER         ; lpm_divide_m9m ; Untyped                ;
; CARRY_CHAIN            ; MANUAL         ; Untyped                ;
; OPTIMIZE_FOR_SPEED     ; 5              ; Untyped                ;
; AUTO_CARRY_CHAINS      ; ON             ; AUTO_CARRY             ;
; IGNORE_CARRY_BUFFERS   ; OFF            ; IGNORE_CARRY           ;
; AUTO_CASCADE_CHAINS    ; ON             ; AUTO_CASCADE           ;
; IGNORE_CASCADE_BUFFERS ; OFF            ; IGNORE_CASCADE         ;
+------------------------+----------------+------------------------+
Note: In order to hide this table in the UI and the text report file, please set the "Show Parameter Settings in Synthesis Report" option in "Analysis and Synthesis Settings -> More Settings" to "Off".


+------------------------------------------------------------------+
; Parameter Settings for Inferred Entity Instance: lpm_divide:Div1 ;
+------------------------+----------------+------------------------+
; Parameter Name         ; Value          ; Type                   ;
+------------------------+----------------+------------------------+
; LPM_WIDTHN             ; 12             ; Untyped                ;
; LPM_WIDTHD             ; 10             ; Untyped                ;
; LPM_NREPRESENTATION    ; UNSIGNED       ; Untyped                ;
; LPM_DREPRESENTATION    ; UNSIGNED       ; Untyped                ;
; LPM_PIPELINE           ; 0              ; Untyped                ;
; LPM_REMAINDERPOSITIVE  ; TRUE           ; Untyped                ;
; MAXIMIZE_SPEED         ; 5              ; Untyped                ;
; CBXI_PARAMETER         ; lpm_divide_bkm ; Untyped                ;
; CARRY_CHAIN            ; MANUAL         ; Untyped                ;
; OPTIMIZE_FOR_SPEED     ; 5              ; Untyped                ;
; AUTO_CARRY_CHAINS      ; ON             ; AUTO_CARRY             ;
; IGNORE_CARRY_BUFFERS   ; OFF            ; IGNORE_CARRY           ;
; AUTO_CASCADE_CHAINS    ; ON             ; AUTO_CASCADE           ;
; IGNORE_CASCADE_BUFFERS ; OFF            ; IGNORE_CASCADE         ;
+------------------------+----------------+------------------------+
Note: In order to hide this table in the UI and the text report file, please set the "Show Parameter Settings in Synthesis Report" option in "Analysis and Synthesis Settings -> More Settings" to "Off".


+------------------------------------------------------------------+
; Parameter Settings for Inferred Entity Instance: lpm_divide:Mod1 ;
+------------------------+----------------+------------------------+
; Parameter Name         ; Value          ; Type                   ;
+------------------------+----------------+------------------------+
; LPM_WIDTHN             ; 12             ; Untyped                ;
; LPM_WIDTHD             ; 12             ; Untyped                ;
; LPM_NREPRESENTATION    ; UNSIGNED       ; Untyped                ;
; LPM_DREPRESENTATION    ; UNSIGNED       ; Untyped                ;
; LPM_PIPELINE           ; 0              ; Untyped                ;
; LPM_REMAINDERPOSITIVE  ; TRUE           ; Untyped                ;
; MAXIMIZE_SPEED         ; 5              ; Untyped                ;
; CBXI_PARAMETER         ; lpm_divide_gcm ; Untyped                ;
; CARRY_CHAIN            ; MANUAL         ; Untyped                ;
; OPTIMIZE_FOR_SPEED     ; 5              ; Untyped                ;
; AUTO_CARRY_CHAINS      ; ON             ; AUTO_CARRY             ;
; IGNORE_CARRY_BUFFERS   ; OFF            ; IGNORE_CARRY           ;
; AUTO_CASCADE_CHAINS    ; ON             ; AUTO_CASCADE           ;
; IGNORE_CASCADE_BUFFERS ; OFF            ; IGNORE_CASCADE         ;
+------------------------+----------------+------------------------+
Note: In order to hide this table in the UI and the text report file, please set the "Show Parameter Settings in Synthesis Report" option in "Analysis and Synthesis Settings -> More Settings" to "Off".


+------------------------------------------------------------------+
; Parameter Settings for Inferred Entity Instance: lpm_divide:Div2 ;
+------------------------+----------------+------------------------+
; Parameter Name         ; Value          ; Type                   ;
+------------------------+----------------+------------------------+
; LPM_WIDTHN             ; 12             ; Untyped                ;
; LPM_WIDTHD             ; 7              ; Untyped                ;
; LPM_NREPRESENTATION    ; UNSIGNED       ; Untyped                ;
; LPM_DREPRESENTATION    ; UNSIGNED       ; Untyped                ;
; LPM_PIPELINE           ; 0              ; Untyped                ;
; LPM_REMAINDERPOSITIVE  ; TRUE           ; Untyped                ;
; MAXIMIZE_SPEED         ; 5              ; Untyped                ;
; CBXI_PARAMETER         ; lpm_divide_1jm ; Untyped                ;
; CARRY_CHAIN            ; MANUAL         ; Untyped                ;
; OPTIMIZE_FOR_SPEED     ; 5              ; Untyped                ;
; AUTO_CARRY_CHAINS      ; ON             ; AUTO_CARRY             ;
; IGNORE_CARRY_BUFFERS   ; OFF            ; IGNORE_CARRY           ;
; AUTO_CASCADE_CHAINS    ; ON             ; AUTO_CASCADE           ;
; IGNORE_CASCADE_BUFFERS ; OFF            ; IGNORE_CASCADE         ;
+------------------------+----------------+------------------------+
Note: In order to hide this table in the UI and the text report file, please set the "Show Parameter Settings in Synthesis Report" option in "Analysis and Synthesis Settings -> More Settings" to "Off".


+------------------------------------------------------------------+
; Parameter Settings for Inferred Entity Instance: lpm_divide:Mod2 ;
+------------------------+----------------+------------------------+
; Parameter Name         ; Value          ; Type                   ;
+------------------------+----------------+------------------------+
; LPM_WIDTHN             ; 12             ; Untyped                ;
; LPM_WIDTHD             ; 12             ; Untyped                ;
; LPM_NREPRESENTATION    ; UNSIGNED       ; Untyped                ;
; LPM_DREPRESENTATION    ; UNSIGNED       ; Untyped                ;
; LPM_PIPELINE           ; 0              ; Untyped                ;
; LPM_REMAINDERPOSITIVE  ; TRUE           ; Untyped                ;
; MAXIMIZE_SPEED         ; 5              ; Untyped                ;
; CBXI_PARAMETER         ; lpm_divide_gcm ; Untyped                ;
; CARRY_CHAIN            ; MANUAL         ; Untyped                ;
; OPTIMIZE_FOR_SPEED     ; 5              ; Untyped                ;
; AUTO_CARRY_CHAINS      ; ON             ; AUTO_CARRY             ;
; IGNORE_CARRY_BUFFERS   ; OFF            ; IGNORE_CARRY           ;
; AUTO_CASCADE_CHAINS    ; ON             ; AUTO_CASCADE           ;
; IGNORE_CASCADE_BUFFERS ; OFF            ; IGNORE_CASCADE         ;
+------------------------+----------------+------------------------+
Note: In order to hide this table in the UI and the text report file, please set the "Show Parameter Settings in Synthesis Report" option in "Analysis and Synthesis Settings -> More Settings" to "Off".


+------------------------------------------------------------------+
; Parameter Settings for Inferred Entity Instance: lpm_divide:Div3 ;
+------------------------+----------------+------------------------+
; Parameter Name         ; Value          ; Type                   ;
+------------------------+----------------+------------------------+
; LPM_WIDTHN             ; 12             ; Untyped                ;
; LPM_WIDTHD             ; 4              ; Untyped                ;
; LPM_NREPRESENTATION    ; UNSIGNED       ; Untyped                ;
; LPM_DREPRESENTATION    ; UNSIGNED       ; Untyped                ;
; LPM_PIPELINE           ; 0              ; Untyped                ;
; LPM_REMAINDERPOSITIVE  ; TRUE           ; Untyped                ;
; MAXIMIZE_SPEED         ; 5              ; Untyped                ;
; CBXI_PARAMETER         ; lpm_divide_uim ; Untyped                ;
; CARRY_CHAIN            ; MANUAL         ; Untyped                ;
; OPTIMIZE_FOR_SPEED     ; 5              ; Untyped                ;
; AUTO_CARRY_CHAINS      ; ON             ; AUTO_CARRY             ;
; IGNORE_CARRY_BUFFERS   ; OFF            ; IGNORE_CARRY           ;
; AUTO_CASCADE_CHAINS    ; ON             ; AUTO_CASCADE           ;
; IGNORE_CASCADE_BUFFERS ; OFF            ; IGNORE_CASCADE         ;
+------------------------+----------------+------------------------+
Note: In order to hide this table in the UI and the text report file, please set the "Show Parameter Settings in Synthesis Report" option in "Analysis and Synthesis Settings -> More Settings" to "Off".


+------------------------------------------------------------------+
; Parameter Settings for Inferred Entity Instance: lpm_divide:Mod3 ;
+------------------------+----------------+------------------------+
; Parameter Name         ; Value          ; Type                   ;
+------------------------+----------------+------------------------+
; LPM_WIDTHN             ; 12             ; Untyped                ;
; LPM_WIDTHD             ; 12             ; Untyped                ;
; LPM_NREPRESENTATION    ; UNSIGNED       ; Untyped                ;
; LPM_DREPRESENTATION    ; UNSIGNED       ; Untyped                ;
; LPM_PIPELINE           ; 0              ; Untyped                ;
; LPM_REMAINDERPOSITIVE  ; TRUE           ; Untyped                ;
; MAXIMIZE_SPEED         ; 5              ; Untyped                ;
; CBXI_PARAMETER         ; lpm_divide_gcm ; Untyped                ;
; CARRY_CHAIN            ; MANUAL         ; Untyped                ;
; OPTIMIZE_FOR_SPEED     ; 5              ; Untyped                ;
; AUTO_CARRY_CHAINS      ; ON             ; AUTO_CARRY             ;
; IGNORE_CARRY_BUFFERS   ; OFF            ; IGNORE_CARRY           ;
; AUTO_CASCADE_CHAINS    ; ON             ; AUTO_CASCADE           ;
; IGNORE_CASCADE_BUFFERS ; OFF            ; IGNORE_CASCADE         ;
+------------------------+----------------+------------------------+
Note: In order to hide this table in the UI and the text report file, please set the "Show Parameter Settings in Synthesis Report" option in "Analysis and Synthesis Settings -> More Settings" to "Off".


+-------------------------------------------------------------------------------------+
; Parameter Settings for Inferred Entity Instance: new_balance:newBal|lpm_mult:Mult0  ;
+------------------------------------------------+--------------+---------------------+
; Parameter Name                                 ; Value        ; Type                ;
+------------------------------------------------+--------------+---------------------+
; AUTO_CARRY_CHAINS                              ; ON           ; AUTO_CARRY          ;
; IGNORE_CARRY_BUFFERS                           ; OFF          ; IGNORE_CARRY        ;
; AUTO_CASCADE_CHAINS                            ; ON           ; AUTO_CASCADE        ;
; IGNORE_CASCADE_BUFFERS                         ; OFF          ; IGNORE_CASCADE      ;
; LPM_WIDTHA                                     ; 6            ; Untyped             ;
; LPM_WIDTHB                                     ; 3            ; Untyped             ;
; LPM_WIDTHP                                     ; 9            ; Untyped             ;
; LPM_WIDTHR                                     ; 9            ; Untyped             ;
; LPM_WIDTHS                                     ; 1            ; Untyped             ;
; LPM_REPRESENTATION                             ; UNSIGNED     ; Untyped             ;
; LPM_PIPELINE                                   ; 0            ; Untyped             ;
; LATENCY                                        ; 0            ; Untyped             ;
; INPUT_A_IS_CONSTANT                            ; YES          ; Untyped             ;
; INPUT_B_IS_CONSTANT                            ; NO           ; Untyped             ;
; USE_EAB                                        ; OFF          ; Untyped             ;
; MAXIMIZE_SPEED                                 ; 5            ; Untyped             ;
; DEVICE_FAMILY                                  ; Cyclone IV E ; Untyped             ;
; CARRY_CHAIN                                    ; MANUAL       ; Untyped             ;
; APEX20K_TECHNOLOGY_MAPPER                      ; LUT          ; TECH_MAPPER_APEX20K ;
; DEDICATED_MULTIPLIER_CIRCUITRY                 ; AUTO         ; Untyped             ;
; DEDICATED_MULTIPLIER_MIN_INPUT_WIDTH_FOR_AUTO  ; 0            ; Untyped             ;
; DEDICATED_MULTIPLIER_MIN_OUTPUT_WIDTH_FOR_AUTO ; 0            ; Untyped             ;
; CBXI_PARAMETER                                 ; NOTHING      ; Untyped             ;
; INPUT_A_FIXED_VALUE                            ; Bx           ; Untyped             ;
; INPUT_B_FIXED_VALUE                            ; Bx           ; Untyped             ;
; USE_AHDL_IMPLEMENTATION                        ; OFF          ; Untyped             ;
+------------------------------------------------+--------------+---------------------+
Note: In order to hide this table in the UI and the text report file, please set the "Show Parameter Settings in Synthesis Report" option in "Analysis and Synthesis Settings -> More Settings" to "Off".


+---------------------------------------------------------------------------+
; lpm_mult Parameter Settings by Entity Instance                            ;
+---------------------------------------+-----------------------------------+
; Name                                  ; Value                             ;
+---------------------------------------+-----------------------------------+
; Number of entity instances            ; 1                                 ;
; Entity Instance                       ; new_balance:newBal|lpm_mult:Mult0 ;
;     -- LPM_WIDTHA                     ; 6                                 ;
;     -- LPM_WIDTHB                     ; 3                                 ;
;     -- LPM_WIDTHP                     ; 9                                 ;
;     -- LPM_REPRESENTATION             ; UNSIGNED                          ;
;     -- INPUT_A_IS_CONSTANT            ; YES                               ;
;     -- INPUT_B_IS_CONSTANT            ; NO                                ;
;     -- USE_EAB                        ; OFF                               ;
;     -- DEDICATED_MULTIPLIER_CIRCUITRY ; AUTO                              ;
;     -- INPUT_A_FIXED_VALUE            ; Bx                                ;
;     -- INPUT_B_FIXED_VALUE            ; Bx                                ;
+---------------------------------------+-----------------------------------+


+----------------------------------------------------------------------------------------------------------------+
; Port Connectivity Checks: "registerGeneral:dff"                                                                ;
+------+--------+----------+-------------------------------------------------------------------------------------+
; Port ; Type   ; Severity ; Details                                                                             ;
+------+--------+----------+-------------------------------------------------------------------------------------+
; q[1] ; Output ; Info     ; Connected to dangling logic. Logic that only feeds a dangling port will be removed. ;
+------+--------+----------+-------------------------------------------------------------------------------------+


+-----------------------------------------------------+
; Post-Synthesis Netlist Statistics for Top Partition ;
+-----------------------+-----------------------------+
; Type                  ; Count                       ;
+-----------------------+-----------------------------+
; boundary_port         ; 83                          ;
; cycloneiii_ff         ; 74                          ;
;     CLR               ; 68                          ;
;     plain             ; 6                           ;
; cycloneiii_lcell_comb ; 1076                        ;
;     arith             ; 348                         ;
;         2 data inputs ; 105                         ;
;         3 data inputs ; 243                         ;
;     normal            ; 728                         ;
;         0 data inputs ; 44                          ;
;         1 data inputs ; 15                          ;
;         2 data inputs ; 353                         ;
;         3 data inputs ; 27                          ;
;         4 data inputs ; 289                         ;
;                       ;                             ;
; Max LUT depth         ; 52.00                       ;
; Average LUT depth     ; 36.40                       ;
+-----------------------+-----------------------------+


+-------------------------------+
; Elapsed Time Per Partition    ;
+----------------+--------------+
; Partition Name ; Elapsed Time ;
+----------------+--------------+
; Top            ; 00:00:02     ;
+----------------+--------------+


+-------------------------------+
; Analysis & Synthesis Messages ;
+-------------------------------+
Info: *******************************************************************
Info: Running Quartus Prime Analysis & Synthesis
    Info: Version 18.1.0 Build 625 09/12/2018 SJ Lite Edition
    Info: Processing started: Thu Feb 15 17:07:22 2024
Info: Command: quartus_map --read_settings_files=on --write_settings_files=off lab2 -c lab2
Warning (18236): Number of processors has not been specified which may cause overloading on shared machines.  Set the global assignment NUM_PARALLEL_PROCESSORS in your QSF to an appropriate value for best performance.
Info (20030): Parallel compilation is enabled and will use 8 of the 8 processors detected
Info (12021): Found 2 design units, including 1 entities, in source file digit7seg_tb.vhd
    Info (12022): Found design unit 1: digit7seg_tb-behavior File: C:/Users/nma66/Downloads/Lab2 (1)/Lab2/digit7seg_tb.vhd Line: 11
    Info (12023): Found entity 1: digit7seg_tb File: C:/Users/nma66/Downloads/Lab2 (1)/Lab2/digit7seg_tb.vhd Line: 8
Info (12021): Found 2 design units, including 1 entities, in source file register12.vhd
    Info (12022): Found design unit 1: register12-logic File: C:/Users/nma66/Downloads/Lab2 (1)/Lab2/register12.vhd Line: 14
    Info (12023): Found entity 1: register12 File: C:/Users/nma66/Downloads/Lab2 (1)/Lab2/register12.vhd Line: 5
Info (12021): Found 2 design units, including 1 entities, in source file digit7seg.vhd
    Info (12022): Found design unit 1: digit7seg-behavioral File: C:/Users/nma66/Downloads/Lab2 (1)/Lab2/digit7seg.vhd Line: 27
    Info (12023): Found entity 1: digit7seg File: C:/Users/nma66/Downloads/Lab2 (1)/Lab2/digit7seg.vhd Line: 19
Info (12021): Found 2 design units, including 1 entities, in source file registergeneral.vhd
    Info (12022): Found design unit 1: registerGeneral-logic File: C:/Users/nma66/Downloads/Lab2 (1)/Lab2/registerGeneral.vhd Line: 15
    Info (12023): Found entity 1: registerGeneral File: C:/Users/nma66/Downloads/Lab2 (1)/Lab2/registerGeneral.vhd Line: 5
Info (12021): Found 2 design units, including 1 entities, in source file spinwheel.vhd
    Info (12022): Found design unit 1: spinwheel-behavioral File: C:/Users/nma66/Downloads/Lab2 (1)/Lab2/spinwheel.vhd Line: 37
    Info (12023): Found entity 1: spinwheel File: C:/Users/nma66/Downloads/Lab2 (1)/Lab2/spinwheel.vhd Line: 30
Info (12021): Found 2 design units, including 1 entities, in source file roulette.vhd
    Info (12022): Found design unit 1: roulette-structural File: C:/Users/nma66/Downloads/Lab2 (1)/Lab2/roulette.vhd Line: 37
    Info (12023): Found entity 1: roulette File: C:/Users/nma66/Downloads/Lab2 (1)/Lab2/roulette.vhd Line: 20
Info (12021): Found 2 design units, including 1 entities, in source file win_tb.vhd
    Info (12022): Found design unit 1: win_tb-behavioural File: C:/Users/nma66/Downloads/Lab2 (1)/Lab2/win_tb.vhd Line: 25
    Info (12023): Found entity 1: win_tb File: C:/Users/nma66/Downloads/Lab2 (1)/Lab2/win_tb.vhd Line: 19
Info (12021): Found 2 design units, including 1 entities, in source file win.vhd
    Info (12022): Found design unit 1: win-behavioural File: C:/Users/nma66/Downloads/Lab2 (1)/Lab2/win.vhd Line: 30
    Info (12023): Found entity 1: win File: C:/Users/nma66/Downloads/Lab2 (1)/Lab2/win.vhd Line: 19
Info (12021): Found 2 design units, including 1 entities, in source file new_balance_tb.vhd
    Info (12022): Found design unit 1: new_balance_tb-behavioural File: C:/Users/nma66/Downloads/Lab2 (1)/Lab2/new_balance_tb.vhd Line: 25
    Info (12023): Found entity 1: new_balance_tb File: C:/Users/nma66/Downloads/Lab2 (1)/Lab2/new_balance_tb.vhd Line: 19
Info (12021): Found 2 design units, including 1 entities, in source file new_balance.vhd
    Info (12022): Found design unit 1: new_balance-behavioural File: C:/Users/nma66/Downloads/Lab2 (1)/Lab2/new_balance.vhd Line: 30
    Info (12023): Found entity 1: new_balance File: C:/Users/nma66/Downloads/Lab2 (1)/Lab2/new_balance.vhd Line: 17
Info (12021): Found 2 design units, including 1 entities, in source file debounce.vhd
    Info (12022): Found design unit 1: debounce-logic File: C:/Users/nma66/Downloads/Lab2 (1)/Lab2/debounce.vhd Line: 16
    Info (12023): Found entity 1: debounce File: C:/Users/nma66/Downloads/Lab2 (1)/Lab2/debounce.vhd Line: 5
Info (12127): Elaborating entity "roulette" for the top level hierarchy
Critical Warning (10920): VHDL Incomplete Partial Association warning at roulette.vhd(130): port or argument "d" has 1/2 unassociated elements File: C:/Users/nma66/Downloads/Lab2 (1)/Lab2/roulette.vhd Line: 130
Critical Warning (10920): VHDL Incomplete Partial Association warning at roulette.vhd(130): port or argument "q" has 1/2 unassociated elements File: C:/Users/nma66/Downloads/Lab2 (1)/Lab2/roulette.vhd Line: 130
Warning (10873): Using initial value X (don't care) for net "LEDG[3]" at roulette.vhd(24) File: C:/Users/nma66/Downloads/Lab2 (1)/Lab2/roulette.vhd Line: 24
Info (12128): Elaborating entity "debounce" for hierarchy "debounce:key0" File: C:/Users/nma66/Downloads/Lab2 (1)/Lab2/roulette.vhd Line: 122
Info (12128): Elaborating entity "spinwheel" for hierarchy "spinwheel:wheel" File: C:/Users/nma66/Downloads/Lab2 (1)/Lab2/roulette.vhd Line: 124
Info (12128): Elaborating entity "registerGeneral" for hierarchy "registerGeneral:sixBitReg1" File: C:/Users/nma66/Downloads/Lab2 (1)/Lab2/roulette.vhd Line: 126
Warning (10492): VHDL Process Statement warning at registerGeneral.vhd(19): signal "rst" is read inside the Process Statement but isn't in the Process Statement's sensitivity list File: C:/Users/nma66/Downloads/Lab2 (1)/Lab2/registerGeneral.vhd Line: 19
Info (12128): Elaborating entity "registerGeneral" for hierarchy "registerGeneral:dff" File: C:/Users/nma66/Downloads/Lab2 (1)/Lab2/roulette.vhd Line: 130
Warning (10492): VHDL Process Statement warning at registerGeneral.vhd(19): signal "rst" is read inside the Process Statement but isn't in the Process Statement's sensitivity list File: C:/Users/nma66/Downloads/Lab2 (1)/Lab2/registerGeneral.vhd Line: 19
Info (12128): Elaborating entity "win" for hierarchy "win:winLogic" File: C:/Users/nma66/Downloads/Lab2 (1)/Lab2/roulette.vhd Line: 134
Info (12128): Elaborating entity "digit7seg" for hierarchy "digit7seg:hex_7" File: C:/Users/nma66/Downloads/Lab2 (1)/Lab2/roulette.vhd Line: 142
Info (12128): Elaborating entity "registerGeneral" for hierarchy "registerGeneral:threeBitReg1" File: C:/Users/nma66/Downloads/Lab2 (1)/Lab2/roulette.vhd Line: 146
Warning (10492): VHDL Process Statement warning at registerGeneral.vhd(19): signal "rst" is read inside the Process Statement but isn't in the Process Statement's sensitivity list File: C:/Users/nma66/Downloads/Lab2 (1)/Lab2/registerGeneral.vhd Line: 19
Info (12128): Elaborating entity "register12" for hierarchy "register12:twelveBitReg" File: C:/Users/nma66/Downloads/Lab2 (1)/Lab2/roulette.vhd Line: 152
Warning (10492): VHDL Process Statement warning at register12.vhd(18): signal "rst" is read inside the Process Statement but isn't in the Process Statement's sensitivity list File: C:/Users/nma66/Downloads/Lab2 (1)/Lab2/register12.vhd Line: 18
Info (12128): Elaborating entity "new_balance" for hierarchy "new_balance:newBal" File: C:/Users/nma66/Downloads/Lab2 (1)/Lab2/roulette.vhd Line: 154
Info (278001): Inferred 9 megafunctions from design logic
    Info (278004): Inferred divider/modulo megafunction ("lpm_divide") from the following logic: "Div0" File: C:/Users/nma66/Downloads/Lab2 (1)/Lab2/roulette.vhd Line: 138
    Info (278004): Inferred divider/modulo megafunction ("lpm_divide") from the following logic: "Mod0" File: C:/Users/nma66/Downloads/Lab2 (1)/Lab2/roulette.vhd Line: 139
    Info (278004): Inferred divider/modulo megafunction ("lpm_divide") from the following logic: "Div1" File: C:/Users/nma66/Downloads/Lab2 (1)/Lab2/roulette.vhd Line: 158
    Info (278004): Inferred divider/modulo megafunction ("lpm_divide") from the following logic: "Mod1" File: C:/Users/nma66/Downloads/Lab2 (1)/Lab2/roulette.vhd Line: 159
    Info (278004): Inferred divider/modulo megafunction ("lpm_divide") from the following logic: "Div2" File: C:/Users/nma66/Downloads/Lab2 (1)/Lab2/roulette.vhd Line: 159
    Info (278004): Inferred divider/modulo megafunction ("lpm_divide") from the following logic: "Mod2" File: C:/Users/nma66/Downloads/Lab2 (1)/Lab2/roulette.vhd Line: 160
    Info (278004): Inferred divider/modulo megafunction ("lpm_divide") from the following logic: "Div3" File: C:/Users/nma66/Downloads/Lab2 (1)/Lab2/roulette.vhd Line: 160
    Info (278004): Inferred divider/modulo megafunction ("lpm_divide") from the following logic: "Mod3" File: C:/Users/nma66/Downloads/Lab2 (1)/Lab2/roulette.vhd Line: 161
    Info (278003): Inferred multiplier megafunction ("lpm_mult") from the following logic: "new_balance:newBal|Mult0" File: C:/Users/nma66/Downloads/Lab2 (1)/Lab2/new_balance.vhd Line: 37
Info (12130): Elaborated megafunction instantiation "lpm_divide:Div0" File: C:/Users/nma66/Downloads/Lab2 (1)/Lab2/roulette.vhd Line: 138
Info (12133): Instantiated megafunction "lpm_divide:Div0" with the following parameter: File: C:/Users/nma66/Downloads/Lab2 (1)/Lab2/roulette.vhd Line: 138
    Info (12134): Parameter "LPM_WIDTHN" = "6"
    Info (12134): Parameter "LPM_WIDTHD" = "4"
    Info (12134): Parameter "LPM_NREPRESENTATION" = "UNSIGNED"
    Info (12134): Parameter "LPM_DREPRESENTATION" = "UNSIGNED"
Info (12021): Found 1 design units, including 1 entities, in source file db/lpm_divide_hhm.tdf
    Info (12023): Found entity 1: lpm_divide_hhm File: C:/Users/nma66/Downloads/Lab2 (1)/Lab2/db/lpm_divide_hhm.tdf Line: 24
Info (12021): Found 1 design units, including 1 entities, in source file db/sign_div_unsign_9kh.tdf
    Info (12023): Found entity 1: sign_div_unsign_9kh File: C:/Users/nma66/Downloads/Lab2 (1)/Lab2/db/sign_div_unsign_9kh.tdf Line: 24
Info (12021): Found 1 design units, including 1 entities, in source file db/alt_u_div_64f.tdf
    Info (12023): Found entity 1: alt_u_div_64f File: C:/Users/nma66/Downloads/Lab2 (1)/Lab2/db/alt_u_div_64f.tdf Line: 26
Info (12021): Found 1 design units, including 1 entities, in source file db/add_sub_7pc.tdf
    Info (12023): Found entity 1: add_sub_7pc File: C:/Users/nma66/Downloads/Lab2 (1)/Lab2/db/add_sub_7pc.tdf Line: 22
Info (12021): Found 1 design units, including 1 entities, in source file db/add_sub_8pc.tdf
    Info (12023): Found entity 1: add_sub_8pc File: C:/Users/nma66/Downloads/Lab2 (1)/Lab2/db/add_sub_8pc.tdf Line: 22
Info (12130): Elaborated megafunction instantiation "lpm_divide:Mod0" File: C:/Users/nma66/Downloads/Lab2 (1)/Lab2/roulette.vhd Line: 139
Info (12133): Instantiated megafunction "lpm_divide:Mod0" with the following parameter: File: C:/Users/nma66/Downloads/Lab2 (1)/Lab2/roulette.vhd Line: 139
    Info (12134): Parameter "LPM_WIDTHN" = "6"
    Info (12134): Parameter "LPM_WIDTHD" = "6"
    Info (12134): Parameter "LPM_NREPRESENTATION" = "UNSIGNED"
    Info (12134): Parameter "LPM_DREPRESENTATION" = "UNSIGNED"
Info (12021): Found 1 design units, including 1 entities, in source file db/lpm_divide_m9m.tdf
    Info (12023): Found entity 1: lpm_divide_m9m File: C:/Users/nma66/Downloads/Lab2 (1)/Lab2/db/lpm_divide_m9m.tdf Line: 24
Info (12021): Found 1 design units, including 1 entities, in source file db/sign_div_unsign_bkh.tdf
    Info (12023): Found entity 1: sign_div_unsign_bkh File: C:/Users/nma66/Downloads/Lab2 (1)/Lab2/db/sign_div_unsign_bkh.tdf Line: 24
Info (12021): Found 1 design units, including 1 entities, in source file db/alt_u_div_a4f.tdf
    Info (12023): Found entity 1: alt_u_div_a4f File: C:/Users/nma66/Downloads/Lab2 (1)/Lab2/db/alt_u_div_a4f.tdf Line: 26
Info (12130): Elaborated megafunction instantiation "lpm_divide:Div1" File: C:/Users/nma66/Downloads/Lab2 (1)/Lab2/roulette.vhd Line: 158
Info (12133): Instantiated megafunction "lpm_divide:Div1" with the following parameter: File: C:/Users/nma66/Downloads/Lab2 (1)/Lab2/roulette.vhd Line: 158
    Info (12134): Parameter "LPM_WIDTHN" = "12"
    Info (12134): Parameter "LPM_WIDTHD" = "10"
    Info (12134): Parameter "LPM_NREPRESENTATION" = "UNSIGNED"
    Info (12134): Parameter "LPM_DREPRESENTATION" = "UNSIGNED"
Info (12021): Found 1 design units, including 1 entities, in source file db/lpm_divide_bkm.tdf
    Info (12023): Found entity 1: lpm_divide_bkm File: C:/Users/nma66/Downloads/Lab2 (1)/Lab2/db/lpm_divide_bkm.tdf Line: 24
Info (12021): Found 1 design units, including 1 entities, in source file db/sign_div_unsign_3nh.tdf
    Info (12023): Found entity 1: sign_div_unsign_3nh File: C:/Users/nma66/Downloads/Lab2 (1)/Lab2/db/sign_div_unsign_3nh.tdf Line: 24
Info (12021): Found 1 design units, including 1 entities, in source file db/alt_u_div_q9f.tdf
    Info (12023): Found entity 1: alt_u_div_q9f File: C:/Users/nma66/Downloads/Lab2 (1)/Lab2/db/alt_u_div_q9f.tdf Line: 26
Info (12130): Elaborated megafunction instantiation "lpm_divide:Mod1" File: C:/Users/nma66/Downloads/Lab2 (1)/Lab2/roulette.vhd Line: 159
Info (12133): Instantiated megafunction "lpm_divide:Mod1" with the following parameter: File: C:/Users/nma66/Downloads/Lab2 (1)/Lab2/roulette.vhd Line: 159
    Info (12134): Parameter "LPM_WIDTHN" = "12"
    Info (12134): Parameter "LPM_WIDTHD" = "12"
    Info (12134): Parameter "LPM_NREPRESENTATION" = "UNSIGNED"
    Info (12134): Parameter "LPM_DREPRESENTATION" = "UNSIGNED"
Info (12021): Found 1 design units, including 1 entities, in source file db/lpm_divide_gcm.tdf
    Info (12023): Found entity 1: lpm_divide_gcm File: C:/Users/nma66/Downloads/Lab2 (1)/Lab2/db/lpm_divide_gcm.tdf Line: 24
Info (12021): Found 1 design units, including 1 entities, in source file db/sign_div_unsign_5nh.tdf
    Info (12023): Found entity 1: sign_div_unsign_5nh File: C:/Users/nma66/Downloads/Lab2 (1)/Lab2/db/sign_div_unsign_5nh.tdf Line: 24
Info (12021): Found 1 design units, including 1 entities, in source file db/alt_u_div_u9f.tdf
    Info (12023): Found entity 1: alt_u_div_u9f File: C:/Users/nma66/Downloads/Lab2 (1)/Lab2/db/alt_u_div_u9f.tdf Line: 26
Info (12130): Elaborated megafunction instantiation "lpm_divide:Div2" File: C:/Users/nma66/Downloads/Lab2 (1)/Lab2/roulette.vhd Line: 159
Info (12133): Instantiated megafunction "lpm_divide:Div2" with the following parameter: File: C:/Users/nma66/Downloads/Lab2 (1)/Lab2/roulette.vhd Line: 159
    Info (12134): Parameter "LPM_WIDTHN" = "12"
    Info (12134): Parameter "LPM_WIDTHD" = "7"
    Info (12134): Parameter "LPM_NREPRESENTATION" = "UNSIGNED"
    Info (12134): Parameter "LPM_DREPRESENTATION" = "UNSIGNED"
Info (12021): Found 1 design units, including 1 entities, in source file db/lpm_divide_1jm.tdf
    Info (12023): Found entity 1: lpm_divide_1jm File: C:/Users/nma66/Downloads/Lab2 (1)/Lab2/db/lpm_divide_1jm.tdf Line: 24
Info (12021): Found 1 design units, including 1 entities, in source file db/sign_div_unsign_plh.tdf
    Info (12023): Found entity 1: sign_div_unsign_plh File: C:/Users/nma66/Downloads/Lab2 (1)/Lab2/db/sign_div_unsign_plh.tdf Line: 24
Info (12021): Found 1 design units, including 1 entities, in source file db/alt_u_div_67f.tdf
    Info (12023): Found entity 1: alt_u_div_67f File: C:/Users/nma66/Downloads/Lab2 (1)/Lab2/db/alt_u_div_67f.tdf Line: 26
Info (12130): Elaborated megafunction instantiation "lpm_divide:Mod2" File: C:/Users/nma66/Downloads/Lab2 (1)/Lab2/roulette.vhd Line: 160
Info (12133): Instantiated megafunction "lpm_divide:Mod2" with the following parameter: File: C:/Users/nma66/Downloads/Lab2 (1)/Lab2/roulette.vhd Line: 160
    Info (12134): Parameter "LPM_WIDTHN" = "12"
    Info (12134): Parameter "LPM_WIDTHD" = "12"
    Info (12134): Parameter "LPM_NREPRESENTATION" = "UNSIGNED"
    Info (12134): Parameter "LPM_DREPRESENTATION" = "UNSIGNED"
Info (12130): Elaborated megafunction instantiation "lpm_divide:Div3" File: C:/Users/nma66/Downloads/Lab2 (1)/Lab2/roulette.vhd Line: 160
Info (12133): Instantiated megafunction "lpm_divide:Div3" with the following parameter: File: C:/Users/nma66/Downloads/Lab2 (1)/Lab2/roulette.vhd Line: 160
    Info (12134): Parameter "LPM_WIDTHN" = "12"
    Info (12134): Parameter "LPM_WIDTHD" = "4"
    Info (12134): Parameter "LPM_NREPRESENTATION" = "UNSIGNED"
    Info (12134): Parameter "LPM_DREPRESENTATION" = "UNSIGNED"
Info (12021): Found 1 design units, including 1 entities, in source file db/lpm_divide_uim.tdf
    Info (12023): Found entity 1: lpm_divide_uim File: C:/Users/nma66/Downloads/Lab2 (1)/Lab2/db/lpm_divide_uim.tdf Line: 24
Info (12021): Found 1 design units, including 1 entities, in source file db/sign_div_unsign_mlh.tdf
    Info (12023): Found entity 1: sign_div_unsign_mlh File: C:/Users/nma66/Downloads/Lab2 (1)/Lab2/db/sign_div_unsign_mlh.tdf Line: 24
Info (12021): Found 1 design units, including 1 entities, in source file db/alt_u_div_07f.tdf
    Info (12023): Found entity 1: alt_u_div_07f File: C:/Users/nma66/Downloads/Lab2 (1)/Lab2/db/alt_u_div_07f.tdf Line: 26
Info (12130): Elaborated megafunction instantiation "lpm_divide:Mod3" File: C:/Users/nma66/Downloads/Lab2 (1)/Lab2/roulette.vhd Line: 161
Info (12133): Instantiated megafunction "lpm_divide:Mod3" with the following parameter: File: C:/Users/nma66/Downloads/Lab2 (1)/Lab2/roulette.vhd Line: 161
    Info (12134): Parameter "LPM_WIDTHN" = "12"
    Info (12134): Parameter "LPM_WIDTHD" = "12"
    Info (12134): Parameter "LPM_NREPRESENTATION" = "UNSIGNED"
    Info (12134): Parameter "LPM_DREPRESENTATION" = "UNSIGNED"
Info (12130): Elaborated megafunction instantiation "new_balance:newBal|lpm_mult:Mult0" File: C:/Users/nma66/Downloads/Lab2 (1)/Lab2/new_balance.vhd Line: 37
Info (12133): Instantiated megafunction "new_balance:newBal|lpm_mult:Mult0" with the following parameter: File: C:/Users/nma66/Downloads/Lab2 (1)/Lab2/new_balance.vhd Line: 37
    Info (12134): Parameter "LPM_WIDTHA" = "6"
    Info (12134): Parameter "LPM_WIDTHB" = "3"
    Info (12134): Parameter "LPM_WIDTHP" = "9"
    Info (12134): Parameter "LPM_WIDTHR" = "9"
    Info (12134): Parameter "LPM_WIDTHS" = "1"
    Info (12134): Parameter "LPM_REPRESENTATION" = "UNSIGNED"
    Info (12134): Parameter "INPUT_A_IS_CONSTANT" = "YES"
    Info (12134): Parameter "INPUT_B_IS_CONSTANT" = "NO"
    Info (12134): Parameter "MAXIMIZE_SPEED" = "5"
Info (12131): Elaborated megafunction instantiation "new_balance:newBal|lpm_mult:Mult0|multcore:mult_core", which is child of megafunction instantiation "new_balance:newBal|lpm_mult:Mult0" File: c:/intelfpga_lite/18.1/quartus/libraries/megafunctions/lpm_mult.tdf Line: 308
Info (12131): Elaborated megafunction instantiation "new_balance:newBal|lpm_mult:Mult0|multcore:mult_core|mpar_add:padder", which is child of megafunction instantiation "new_balance:newBal|lpm_mult:Mult0" File: c:/intelfpga_lite/18.1/quartus/libraries/megafunctions/multcore.tdf Line: 228
Info (12131): Elaborated megafunction instantiation "new_balance:newBal|lpm_mult:Mult0|altshift:external_latency_ffs", which is child of megafunction instantiation "new_balance:newBal|lpm_mult:Mult0" File: c:/intelfpga_lite/18.1/quartus/libraries/megafunctions/lpm_mult.tdf Line: 351
Info (13000): Registers with preset signals will power-up high File: C:/Users/nma66/Downloads/Lab2 (1)/Lab2/register12.vhd Line: 18
Info (13003): DEV_CLRn pin will set, and not reset, register with preset signal due to NOT Gate Push-Back
Warning (13024): Output pins are stuck at VCC or GND
    Warning (13410): Pin "LEDG[3]" is stuck at GND File: C:/Users/nma66/Downloads/Lab2 (1)/Lab2/roulette.vhd Line: 24
    Warning (13410): Pin "HEX5[0]" is stuck at VCC File: C:/Users/nma66/Downloads/Lab2 (1)/Lab2/roulette.vhd Line: 27
    Warning (13410): Pin "HEX5[1]" is stuck at VCC File: C:/Users/nma66/Downloads/Lab2 (1)/Lab2/roulette.vhd Line: 27
    Warning (13410): Pin "HEX5[2]" is stuck at VCC File: C:/Users/nma66/Downloads/Lab2 (1)/Lab2/roulette.vhd Line: 27
    Warning (13410): Pin "HEX5[3]" is stuck at VCC File: C:/Users/nma66/Downloads/Lab2 (1)/Lab2/roulette.vhd Line: 27
    Warning (13410): Pin "HEX5[4]" is stuck at VCC File: C:/Users/nma66/Downloads/Lab2 (1)/Lab2/roulette.vhd Line: 27
    Warning (13410): Pin "HEX5[5]" is stuck at VCC File: C:/Users/nma66/Downloads/Lab2 (1)/Lab2/roulette.vhd Line: 27
    Warning (13410): Pin "HEX5[6]" is stuck at VCC File: C:/Users/nma66/Downloads/Lab2 (1)/Lab2/roulette.vhd Line: 27
    Warning (13410): Pin "HEX4[0]" is stuck at VCC File: C:/Users/nma66/Downloads/Lab2 (1)/Lab2/roulette.vhd Line: 28
    Warning (13410): Pin "HEX4[1]" is stuck at VCC File: C:/Users/nma66/Downloads/Lab2 (1)/Lab2/roulette.vhd Line: 28
    Warning (13410): Pin "HEX4[2]" is stuck at VCC File: C:/Users/nma66/Downloads/Lab2 (1)/Lab2/roulette.vhd Line: 28
    Warning (13410): Pin "HEX4[3]" is stuck at VCC File: C:/Users/nma66/Downloads/Lab2 (1)/Lab2/roulette.vhd Line: 28
    Warning (13410): Pin "HEX4[4]" is stuck at VCC File: C:/Users/nma66/Downloads/Lab2 (1)/Lab2/roulette.vhd Line: 28
    Warning (13410): Pin "HEX4[5]" is stuck at VCC File: C:/Users/nma66/Downloads/Lab2 (1)/Lab2/roulette.vhd Line: 28
    Warning (13410): Pin "HEX4[6]" is stuck at VCC File: C:/Users/nma66/Downloads/Lab2 (1)/Lab2/roulette.vhd Line: 28
Info (286030): Timing-Driven Synthesis is running
Critical Warning (18061): Ignored Power-Up Level option on the following registers
    Critical Warning (18010): Register spinwheel:wheel|wheel_internal[0] will power up to Low File: C:/Users/nma66/Downloads/Lab2 (1)/Lab2/spinwheel.vhd Line: 51
    Critical Warning (18010): Register spinwheel:wheel|wheel_internal[31] will power up to Low File: C:/Users/nma66/Downloads/Lab2 (1)/Lab2/spinwheel.vhd Line: 51
Info (16010): Generating hard_block partition "hard_block:auto_generated_inst"
    Info (16011): Adding 0 node(s), including 0 DDIO, 0 PLL, 0 transceiver and 0 LCELL
Warning (21074): Design contains 2 input pin(s) that do not drive logic
    Warning (15610): No output dependent on input pin "KEY[2]" File: C:/Users/nma66/Downloads/Lab2 (1)/Lab2/roulette.vhd Line: 22
    Warning (15610): No output dependent on input pin "KEY[3]" File: C:/Users/nma66/Downloads/Lab2 (1)/Lab2/roulette.vhd Line: 22
Info (21057): Implemented 1186 device resources after synthesis - the final resource count might be different
    Info (21058): Implemented 23 input pins
    Info (21059): Implemented 60 output pins
    Info (21061): Implemented 1103 logic cells
Info: Quartus Prime Analysis & Synthesis was successful. 0 errors, 30 warnings
    Info: Peak virtual memory: 4854 megabytes
    Info: Processing ended: Thu Feb 15 17:07:32 2024
    Info: Elapsed time: 00:00:10
    Info: Total CPU time (on all processors): 00:00:20


